Thu 12:28: PROGRESS: MaxCompiler version: 2016.1.1
Thu 12:28: PROGRESS: Build "ExampleProject" start time: Thu Mar 16 12:28:52 PDT 2017
Thu 12:28: PROGRESS: Main build process running as user demo on host localhost.localdomain
Thu 12:28: INFO    : Loading build properties from bundled MaxCompiler_build.conf...
Thu 12:28: INFO    : No default external build property file has been specified.
Thu 12:28: INFO    : (Set environment variable MAXCOMPILER_DEFAULT_CONF_FILE to assign one)
Thu 12:28: INFO    : Loading user build properties from: /home/demo/.MaxCompiler_build_user.conf
Thu 12:28: INFO    : No user-specified external build property file has been specified.
Thu 12:28: INFO    : (Set environment variable MAXCOMPILER_BUILD_CONF_FILE to assign one)
Thu 12:28: INFO    : Loading additional parameters from MAXCOMPILER_BUILD_CONF environment variable
Thu 12:28: PROGRESS: Build location: /home/demo/Desktop/MaxCompiler-Builds/ExampleProject_VECTIS_DFE_SIM
Thu 12:28: PROGRESS: Detailed build log available in "_build.log"
Thu 12:28: INFO    : Created build manager ExampleProject (ExampleProject_VECTIS_DFE_SIM Thu Mar 16 12:28:52 PDT 2017). (12:28:52 16/03/17)
Thu 12:28: INFO    : Working in dir: /home/demo/Desktop/MaxCompiler-Builds/ExampleProject_VECTIS_DFE_SIM
Thu 12:28: INFO    : Java class path (2 paths):
Thu 12:28: INFO    : 	/home/demo/workspace_prf/prfv3/APP/EngineCode/bin
Thu 12:28: INFO    : 	/opt/maxeler/maxcompiler/lib/MaxCompiler.jar
Thu 12:28: INFO    : Java process started by 'main' method in class 'exampleproject.ExampleProjectManager'.
Thu 12:28: INFO    : build.arbitrated_core_cache parameter is blank, not using core-cache
Thu 12:28: INFO    : Checking license files in directory: /opt/maxeler/maxcompiler/licenses
Thu 12:28: INFO    : All license signatures valid.
Thu 12:28: WARNING : No valid license for the component 'MaxCompiler_core' was found
Thu 12:28: WARNING : but a valid 'MaxCompiler_core_sim' license was found.
Thu 12:28: WARNING : Falling back to sim-only support
Thu 12:28: WARNING : Disabling MPCX since this setting is not available for simulations.
Thu 12:28: USER    : 
Thu 12:28: USER    : ENGINE BUILD PARAMETERS
Thu 12:28: USER    : 	 Build name: ExampleProject_VECTIS_DFE_SIM
Thu 12:28: USER    : 	   DFEModel: VECTIS                       
Thu 12:28: USER    : 	maxFileName: ExampleProject               
Thu 12:28: USER    : 	     target: DFE_SIM                      
Thu 12:28: USER    : 	 enableMPCX: true                         
Thu 12:28: PROGRESS: Instantiating kernel "prf_v2_Input_Generator"
Thu 12:28: PROGRESS: 
Thu 12:28: PROGRESS: Compiling kernel "prf_v2_Input_Generator"
Thu 12:28: INFO    : Configuration:
Thu 12:28: INFO    : 	KernelConfiguration.additionalInputPipelining = 64                                          [Init: 64]
Thu 12:28: INFO    : 	KernelConfiguration.allowDSPCascading = true                                                [Init: true]
Thu 12:28: INFO    : 	KernelConfiguration.allowInputsOutputsBeforeFlushNode = false                               [Init: false]
Thu 12:28: INFO    : 	KernelConfiguration.allowZeroLatencyNodeHold = false                                        [Init: false]
Thu 12:28: INFO    : 	KernelConfiguration.board = MAX3424A                                                        [Init: MAX2116B, change: MAX3424A]
Thu 12:28: INFO    : 	KernelConfiguration.bramBitsThreshold = 2080                                                [Init: 2080]
Thu 12:28: INFO    : 	KernelConfiguration.buildTarget = MAXCOMPILERSIM_HOST_DRIVEN                                [Init: NONE, change: MAXCOMPILERSIM_HOST_DRIVEN]
Thu 12:28: INFO    : 	KernelConfiguration.cePipelining = 2                                                        [Init: 2]
Thu 12:28: INFO    : 	KernelConfiguration.clockPhaseBalanceThreshold = 0.1                                        [Init: 0.1]
Thu 12:28: INFO    : 	KernelConfiguration.clockPhasingRetries = 50                                                [Init: 50]
Thu 12:28: INFO    : 	KernelConfiguration.dumpNeighboursString =                                                  [Init: ]
Thu 12:28: INFO    : 	KernelConfiguration.enableCeReplication = true                                              [Init: true]
Thu 12:28: INFO    : 	KernelConfiguration.enableClockPhasePartitioning = false                                    [Init: false]
Thu 12:28: INFO    : 	KernelConfiguration.enableDebugIOControlRegs = true                                         [Init: true]
Thu 12:28: INFO    : 	KernelConfiguration.enableDummyBuild = false                                                [Init: false]
Thu 12:28: INFO    : 	KernelConfiguration.enableKernelProfiler = false                                            [Init: false]
Thu 12:28: INFO    : 	KernelConfiguration.enablePipelinedComputeController = false                                [Init: false]
Thu 12:28: INFO    : 	KernelConfiguration.enableShadowRegister = false                                            [Init: false]
Thu 12:28: INFO    : 	KernelConfiguration.enableSmartKernelControl = false                                        [Init: false]
Thu 12:28: INFO    : 	KernelConfiguration.fifoSrlRegisterStages = 1                                               [Init: 1]
Thu 12:28: INFO    : 	KernelConfiguration.flushOnInputDataCongtiguous = false                                     [Init: false]
Thu 12:28: INFO    : 	KernelConfiguration.hardwareDebugDepth = 512                                                [Init: 512]
Thu 12:28: INFO    : 	KernelConfiguration.hwHierarchyMode = UNSET                                                 [Init: UNSET]
Thu 12:28: INFO    : 	KernelConfiguration.latencyAnnotation = false                                               [Init: false]
Thu 12:28: INFO    : 	KernelConfiguration.latencyAnnotationAll = true                                             [Init: true]
Thu 12:28: INFO    : 	KernelConfiguration.latencyAnnotationIOs =                                                  [Init: null]
Thu 12:28: INFO    : 	KernelConfiguration.maxCoalescedFifoWidth = 2147483647                                      [Init: 2147483647]
Thu 12:28: INFO    : 	KernelConfiguration.maxPreAdderFanOut = 1                                                   [Init: 1]
Thu 12:28: INFO    : 	KernelConfiguration.netlistMode = false                                                     [Init: false]
Thu 12:28: INFO    : 	KernelConfiguration.numPhotonStateMachines = 1                                              [Init: 1]
Thu 12:28: INFO    : 	KernelConfiguration.optimizations.ceCounterRegisterDuplication = 1                          [Init: 1]
Thu 12:28: INFO    : 	KernelConfiguration.optimizations.conditionalArithmetic = false                             [Init: true, Init after BuildTarget change: false]
Thu 12:28: INFO    : 	KernelConfiguration.optimizations.counterChainWrapPipelining = 0                            [Init: 0]
Thu 12:28: INFO    : 	KernelConfiguration.optimizations.dspAddChain = OPTIMISE_IGNORE_PREADDER                    [Init: null, Init after BuildTarget change: OPTIMISE_IGNORE_PREADDER]
Thu 12:28: INFO    : 	KernelConfiguration.optimizations.enableActiveFanoutReduction = false                       [Init: false]
Thu 12:28: INFO    : 	KernelConfiguration.optimizations.enableBUFGCE = false                                      [Init: false]
Thu 12:28: INFO    : 	KernelConfiguration.optimizations.enableBetterInputRegistering = false                      [Init: false]
Thu 12:28: INFO    : 	KernelConfiguration.optimizations.enableBetterRegistering = false                           [Init: false]
Thu 12:28: INFO    : 	KernelConfiguration.optimizations.enableFIFOCoalescingAcrossPlacementConstraints = false    [Init: false]
Thu 12:28: INFO    : 	KernelConfiguration.optimizations.enableFifoCoalescing = true                               [Init: true]
Thu 12:28: INFO    : 	KernelConfiguration.optimizations.enableFullPrecisionBinaryOpConstants = false              [Init: false]
Thu 12:28: INFO    : 	KernelConfiguration.optimizations.enableIntegratedRounding = false                          [Init: false]
Thu 12:28: INFO    : 	KernelConfiguration.optimizations.enableMappedMemoryHostReadBack = true                     [Init: true]
Thu 12:28: INFO    : 	KernelConfiguration.optimizations.enableMultiCycleReset = false                             [Init: false]
Thu 12:28: INFO    : 	KernelConfiguration.optimizations.enablePowerTwoFloatMult = true                            [Init: true]
Thu 12:28: INFO    : 	KernelConfiguration.optimizations.enableRedundantNodeDeletion = true                        [Init: true]
Thu 12:28: INFO    : 	KernelConfiguration.optimizations.enableStateMachineRegisterMerging = true                  [Init: true]
Thu 12:28: INFO    : 	KernelConfiguration.optimizations.inlining = false                                          [Init: false]
Thu 12:28: INFO    : 	KernelConfiguration.optimizations.inputFlushDistanceFactor = 0                              [Init: 0]
Thu 12:28: INFO    : 	KernelConfiguration.optimizations.minimumStaticFIFOSplitDepth = 1                           [Init: 1]
Thu 12:28: INFO    : 	KernelConfiguration.optimizations.optimizationTechnique = DEFAULT                           [Init: DEFAULT]
Thu 12:28: INFO    : 	KernelConfiguration.optimizations.triAdd = false                                            [Init: true, Init after BuildTarget change: false]
Thu 12:28: INFO    : 	KernelConfiguration.partialReconfBlockName =                                                [Init: ]
Thu 12:28: INFO    : 	KernelConfiguration.partialReconfMode = false                                               [Init: false]
Thu 12:28: INFO    : 	KernelConfiguration.partialReconfTemplate = false                                           [Init: false]
Thu 12:28: INFO    : 	KernelConfiguration.replicateNodeCeLog2NumPartitions = 0                                    [Init: 0]
Thu 12:28: INFO    : 	KernelConfiguration.romBRAMBitsThreshold = 2080                                             [Init: 2080]
Thu 12:28: INFO    : 	KernelConfiguration.simulation.ramAddressCollisionBehaviour = EXCEPTION                     [Init: EXCEPTION]
Thu 12:28: INFO    : 	KernelConfiguration.simulation.ramOutOfBoundsAccessBehaviour = EXCEPTION                    [Init: EXCEPTION]
Thu 12:28: INFO    : 	KernelConfiguration.simulation.simProgressMessageFrequency = 0                              [Init: 0]
Thu 12:28: INFO    : 	KernelConfiguration.useAsapScheduler = false                                                [Init: false]
Thu 12:28: INFO    : 
Thu 12:28: INFO    :  -- 
Thu 12:28: INFO    : Writing current graph to: ExampleProject-prf_v2_Input_Generator-original.pxg
Thu 12:28: INFO    : Running kernel graph-pass 'MarkConstantPass'.
Thu 12:28: INFO    : Graph-pass 'MarkConstantPass' took 1.80835 ms (1 iterations)
Thu 12:28: INFO    : Dumping graph 'original' with DotDumper.
Thu 12:28: INFO    : Deleting /home/demo/Desktop/MaxCompiler-Builds/ExampleProject_VECTIS_DFE_SIM/scratch/prf_v2_Input_Generator.graphs
Thu 12:28: INFO    : Dumping graph 'original' with DotDumper took 10.3531 ms
Thu 12:28: INFO    : Deleting directory: neighbours
Thu 12:28: INFO    : Running Photon pre-schedule graph optimisations
Thu 12:28: INFO    : Running kernel graph-pass 'AlignOrEradicatePrintfs'.
Thu 12:28: INFO    : Graph-pass 'AlignOrEradicatePrintfs' took 73.4120 µs (1 iterations)
Thu 12:28: INFO    : Running kernel graph-pass 'FoldConstantsPass'.
Thu 12:28: INFO    : Graph-pass 'FoldConstantsPass' took 466.831 µs (1 iterations)
Thu 12:28: INFO    : Running kernel graph-pass 'OptimiseNodesPass'.
Thu 12:28: INFO    : Graph-pass 'OptimiseNodesPass' took 2.53061 ms (2 iterations)
Thu 12:28: INFO    : Running kernel graph-pass 'DeleteRedundantNodes'.
Thu 12:28: INFO    : Graph-pass 'DeleteRedundantNodes' took 64.2720 µs (1 iterations)
Thu 12:28: INFO    : Dumping graph 'pre_dsp_extraction' with DotDumper.
Thu 12:28: INFO    : Dumping graph 'pre_dsp_extraction' with DotDumper took 1.90524 ms
Thu 12:28: INFO    : Running kernel graph-pass 'DSPMultiplyAddExtractionPass'.
Thu 12:28: INFO    : Optimized 0 sub-graphs into DSP multiply/add chains (Virtex5 mode).
Thu 12:28: INFO    : Graph-pass 'DSPMultiplyAddExtractionPass' took 6.63699 ms (1 iterations)
Thu 12:28: INFO    : Running kernel graph-pass 'PO2FPMultOptimiser'.
Thu 12:28: INFO    : Graph-pass 'PO2FPMultOptimiser' took 59.0160 µs (1 iterations)
Thu 12:28: INFO    : Dumping graph 'optimised' with DotDumper.
Thu 12:28: INFO    : Dumping graph 'optimised' with DotDumper took 3.66788 ms
Thu 12:28: INFO    : Running Photon simulation preparation
Thu 12:28: INFO    : Running kernel graph-pass 'PrepareSimulationPass'.
Thu 12:28: INFO    : Graph-pass 'PrepareSimulationPass' took 56.3040 µs (1 iterations)
Thu 12:28: INFO    : Logging Photon stats to: prf_v2_Input_Generator_photon_stats.csv
Thu 12:28: INFO    : Deleting /home/demo/Desktop/MaxCompiler-Builds/ExampleProject_VECTIS_DFE_SIM/scratch/prf_v2_Input_Generator_photon_stats.csv
Thu 12:28: INFO    : Running kernel graph-pass 'StatsPass'.
Thu 12:28: INFO    : Graph-pass 'StatsPass' took 737.752 µs (1 iterations)
Thu 12:28: INFO    : Running kernel graph-pass 'CollectNumericExceptions'.
Thu 12:28: INFO    : Graph-pass 'CollectNumericExceptions' took 63.8330 µs (1 iterations)
Thu 12:28: INFO    : Running kernel graph-pass 'StreamOffsetDivExpand'.
Thu 12:28: INFO    : Graph-pass 'StreamOffsetDivExpand' took 72.1320 µs (1 iterations)
Thu 12:28: INFO    : Running kernel graph-pass 'ReachabilityPass'.
Thu 12:28: INFO    : Graph-pass 'ReachabilityPass' took 110.194 µs (1 iterations)
Thu 12:28: INFO    : Running kernel graph-pass 'ReachabilityPass'.
Thu 12:28: INFO    : Graph-pass 'ReachabilityPass' took 36.9880 µs (1 iterations)
Thu 12:28: INFO    : Running kernel graph-pass 'FindInputsLeadingToFlush'.
Thu 12:28: INFO    : Graph-pass 'FindInputsLeadingToFlush' took 57.3170 µs (1 iterations)
Thu 12:28: INFO    : Running kernel graph-pass 'CheckForStatefulToFlushViolations'.
Thu 12:28: INFO    : Graph-pass 'CheckForStatefulToFlushViolations' took 201.697 µs (1 iterations)
Thu 12:28: INFO    : Running kernel graph-pass 'CheckForInputToFlushViolations'.
Thu 12:28: INFO    : Graph-pass 'CheckForInputToFlushViolations' took 398.687 µs (1 iterations)
Thu 12:28: INFO    : Running kernel graph-pass 'FindIllegalLoops'.
Thu 12:28: INFO    : Graph-pass 'FindIllegalLoops' took 393.893 µs (1 iterations)
Thu 12:28: INFO    : Running kernel graph-pass 'AddNodeSchedulingConstraints'.
Thu 12:28: INFO    : Graph-pass 'AddNodeSchedulingConstraints' took 60.1290 µs (1 iterations)
Thu 12:28: INFO    : Running kernel graph-pass 'MarkConstantPass'.
Thu 12:28: INFO    : Graph-pass 'MarkConstantPass' took 113.080 µs (1 iterations)
Thu 12:28: INFO    : Running kernel graph-pass 'ScheduleVariables'.
Thu 12:28: INFO    : Graph-pass 'ScheduleVariables' took 1.48917 ms (1 iterations)
Thu 12:28: INFO    : Running kernel graph-pass 'SubstituteEqPlaceholders'.
Thu 12:28: INFO    : Graph-pass 'SubstituteEqPlaceholders' took 53.8200 µs (1 iterations)
Thu 12:28: INFO    : Running kernel graph-pass 'ScheduleApplier'.
Thu 12:28: INFO    : Graph-pass 'ScheduleApplier' took 614.777 µs (1 iterations)
Thu 12:28: INFO    : Running kernel graph-pass 'MarkConstantPass'.
Thu 12:28: INFO    : Graph-pass 'MarkConstantPass' took 96.7820 µs (1 iterations)
Thu 12:28: INFO    : Running kernel graph-pass 'ScheduleDumper'.
Thu 12:28: INFO    : Graph-pass 'ScheduleDumper' took 1.65484 ms (1 iterations)
Thu 12:28: INFO    : Running Photon post-schedule graph optimisations (pass 1)
Thu 12:28: INFO    : Running kernel graph-pass 'TapFIFOsPass'.
Thu 12:28: INFO    : Graph-pass 'TapFIFOsPass' took 288.343 µs (1 iterations)
Thu 12:28: INFO    : Running kernel graph-pass 'FoldFIFOsPass'.
Thu 12:28: INFO    : Graph-pass 'FoldFIFOsPass' took 134.266 µs (1 iterations)
Thu 12:28: INFO    : Dumping graph 'tapnfold_1' with DotDumper.
Thu 12:28: INFO    : Dumping graph 'tapnfold_1' with DotDumper took 1.88392 ms
Thu 12:28: INFO    : Running kernel graph-pass 'MarkConstantPass'.
Thu 12:28: INFO    : Graph-pass 'MarkConstantPass' took 94.3570 µs (1 iterations)
Thu 12:28: INFO    : Running kernel graph-pass 'OptimiseVariableFIFOs'.
Thu 12:28: INFO    : Graph-pass 'OptimiseVariableFIFOs' took 49.1540 µs (1 iterations)
Thu 12:28: INFO    : Dumping graph 'validated_fifos' with DotDumper.
Thu 12:28: INFO    : Dumping graph 'validated_fifos' with DotDumper took 2.20394 ms
Thu 12:28: INFO    : Running kernel graph-pass 'MarkConstantPass'.
Thu 12:28: INFO    : Graph-pass 'MarkConstantPass' took 93.3590 µs (1 iterations)
Thu 12:28: INFO    : Running kernel graph-pass 'ScheduleDumper'.
Thu 12:28: INFO    : Graph-pass 'ScheduleDumper' took 6.82936 ms (1 iterations)
Thu 12:28: INFO    : Running kernel graph-pass 'MarkConstantPass'.
Thu 12:28: INFO    : Graph-pass 'MarkConstantPass' took 113.738 µs (1 iterations)
Thu 12:28: INFO    : Running kernel graph-pass 'ScheduleConstants'.
Thu 12:28: INFO    : Running command: "/opt/maxeler/maxcompiler/bin/cbc" "prf_v2_Input_Generator_schedule_C.mps.gz" -solve  -printi csv -solu "prf_v2_Input_Generator_schedule_C.csv" > "prf_v2_Input_Generator_schedule_C.stdout.log"
Thu 12:28: INFO    : Checking for file hash changes...
Thu 12:28: INFO    : No changes.
Thu 12:28: INFO    : Optimum found: 0
Thu 12:28: INFO    : Graph-pass 'ScheduleConstants' took 90.1973 ms (1 iterations)
Thu 12:28: INFO    : Running kernel graph-pass 'MarkConstantPass'.
Thu 12:28: INFO    : Graph-pass 'MarkConstantPass' took 142.293 µs (1 iterations)
Thu 12:28: INFO    : Running kernel graph-pass 'ScheduleDumper'.
Thu 12:28: INFO    : Graph-pass 'ScheduleDumper' took 4.50123 ms (1 iterations)
Thu 12:28: INFO    : Running kernel graph-pass 'SubstituteEqPlaceholders'.
Thu 12:28: INFO    : Graph-pass 'SubstituteEqPlaceholders' took 64.8290 µs (1 iterations)
Thu 12:28: INFO    : Running kernel graph-pass 'RemoveDistMeasurementNodes'.
Thu 12:28: INFO    : Graph-pass 'RemoveDistMeasurementNodes' took 9.73300 µs (1 iterations)
Thu 12:28: INFO    : Running kernel graph-pass 'ScheduleApplier'.
Thu 12:28: INFO    : Graph-pass 'ScheduleApplier' took 478.137 µs (1 iterations)
Thu 12:28: INFO    : Maximum stream latency for kernel 'prf_v2_Input_Generator': 9
Thu 12:28: INFO    : Using user logic for flush.
Thu 12:28: INFO    : Running Photon post-schedule graph optimisations (pass 2)
Thu 12:28: INFO    : Running kernel graph-pass 'TapFIFOsPass'.
Thu 12:28: INFO    : Graph-pass 'TapFIFOsPass' took 4.25025 ms (1 iterations)
Thu 12:28: INFO    : Running kernel graph-pass 'FoldFIFOsPass'.
Thu 12:28: INFO    : Graph-pass 'FoldFIFOsPass' took 177.056 µs (1 iterations)
Thu 12:28: INFO    : Dumping graph 'tapnfold_2' with DotDumper.
Thu 12:28: INFO    : Dumping graph 'tapnfold_2' with DotDumper took 4.17855 ms
Thu 12:28: INFO    : Running kernel graph-pass 'MarkConstantPass'.
Thu 12:28: INFO    : Graph-pass 'MarkConstantPass' took 91.3040 µs (1 iterations)
Thu 12:28: INFO    : Running kernel graph-pass 'ScheduleAsserter'.
Thu 12:28: INFO    : Graph-pass 'ScheduleAsserter' took 215.819 µs (1 iterations)
Thu 12:28: INFO    : Running kernel graph-pass 'ReplaceEvalStreamOffsetNodes'.
Thu 12:28: INFO    : Graph-pass 'ReplaceEvalStreamOffsetNodes' took 49.0990 µs (1 iterations)
Thu 12:28: INFO    : Running kernel graph-pass 'FIFOReport'.
Thu 12:28: INFO    : Graph-pass 'FIFOReport' took 335.582 µs (1 iterations)
Thu 12:28: INFO    : Running kernel graph-pass 'StatsPass'.
Thu 12:28: INFO    : Graph-pass 'StatsPass' took 471.688 µs (1 iterations)
Thu 12:28: INFO    : Running kernel graph-pass 'RemoveUntypedConstants'.
Thu 12:28: INFO    : Graph-pass 'RemoveUntypedConstants' took 11.6010 ms (1 iterations)
Thu 12:28: INFO    : Running kernel graph-pass 'VariableSizeMappedRegInserter'.
Thu 12:28: INFO    : Graph-pass 'VariableSizeMappedRegInserter' took 59.6000 µs (1 iterations)
Thu 12:28: INFO    : Running kernel graph-pass 'MarkConstantPass'.
Thu 12:28: INFO    : Graph-pass 'MarkConstantPass' took 98.6560 µs (1 iterations)
Thu 12:28: INFO    : Running kernel graph-pass 'MakeMaxFileNodeData'.
Thu 12:28: INFO    : Graph-pass 'MakeMaxFileNodeData' took 9.22173 ms (1 iterations)
Thu 12:28: INFO    : Running kernel graph-pass 'MoveFanoutRegsForwards'.
Thu 12:28: INFO    : Graph-pass 'MoveFanoutRegsForwards' took 67.7090 µs (1 iterations)
Thu 12:28: INFO    : Dumping graph 'final' with DotDumper.
Thu 12:28: INFO    : Dumping graph 'final' with DotDumper took 4.06463 ms
Thu 12:28: INFO    : Running kernel graph-pass 'FIFOReportDotDump'.
Thu 12:28: INFO    : Graph-pass 'FIFOReportDotDump' took 6.09917 ms (1 iterations)
Thu 12:28: INFO    : Running kernel graph-pass 'FIFOReportDotDump'.
Thu 12:28: INFO    : Graph-pass 'FIFOReportDotDump' took 1.52064 ms (1 iterations)
Thu 12:28: INFO    : Running kernel graph-pass 'StallScopeDump'.
Thu 12:28: INFO    : Graph-pass 'StallScopeDump' took 948.664 µs (1 iterations)
Thu 12:28: INFO    : Optimization report for Kernel 'prf_v2_Input_Generator'.
Thu 12:28: INFO    : Enabled optimizations:
Thu 12:28: INFO    : 	DSP-Multiplication
Thu 12:28: INFO    : 	Power-of-2 Floating Point
Thu 12:28: INFO    : Creating a preliminary MaxCompilerDesignData.dat. (@ CoreCompile prf_v2_Input_Generator)
Thu 12:28: INFO    : Deleting /home/demo/Desktop/MaxCompiler-Builds/ExampleProject_VECTIS_DFE_SIM/scratch/MaxCompilerDesignData.dat
Thu 12:28: INFO    : Total compilation of 'prf_v2_Input_Generator' took 279.800 ms.
Thu 12:28: PROGRESS: Instantiating kernel "PRFOutputGen"
Thu 12:28: PROGRESS: 
Thu 12:28: PROGRESS: Compiling kernel "PRFOutputGen"
Thu 12:28: INFO    : Configuration:
Thu 12:28: INFO    : 	KernelConfiguration.additionalInputPipelining = 64                                          [Init: 64]
Thu 12:28: INFO    : 	KernelConfiguration.allowDSPCascading = true                                                [Init: true]
Thu 12:28: INFO    : 	KernelConfiguration.allowInputsOutputsBeforeFlushNode = false                               [Init: false]
Thu 12:28: INFO    : 	KernelConfiguration.allowZeroLatencyNodeHold = false                                        [Init: false]
Thu 12:28: INFO    : 	KernelConfiguration.board = MAX3424A                                                        [Init: MAX2116B, change: MAX3424A]
Thu 12:28: INFO    : 	KernelConfiguration.bramBitsThreshold = 2080                                                [Init: 2080]
Thu 12:28: INFO    : 	KernelConfiguration.buildTarget = MAXCOMPILERSIM_HOST_DRIVEN                                [Init: NONE, change: MAXCOMPILERSIM_HOST_DRIVEN]
Thu 12:28: INFO    : 	KernelConfiguration.cePipelining = 2                                                        [Init: 2]
Thu 12:28: INFO    : 	KernelConfiguration.clockPhaseBalanceThreshold = 0.1                                        [Init: 0.1]
Thu 12:28: INFO    : 	KernelConfiguration.clockPhasingRetries = 50                                                [Init: 50]
Thu 12:28: INFO    : 	KernelConfiguration.dumpNeighboursString =                                                  [Init: ]
Thu 12:28: INFO    : 	KernelConfiguration.enableCeReplication = true                                              [Init: true]
Thu 12:28: INFO    : 	KernelConfiguration.enableClockPhasePartitioning = false                                    [Init: false]
Thu 12:28: INFO    : 	KernelConfiguration.enableDebugIOControlRegs = true                                         [Init: true]
Thu 12:28: INFO    : 	KernelConfiguration.enableDummyBuild = false                                                [Init: false]
Thu 12:28: INFO    : 	KernelConfiguration.enableKernelProfiler = false                                            [Init: false]
Thu 12:28: INFO    : 	KernelConfiguration.enablePipelinedComputeController = false                                [Init: false]
Thu 12:28: INFO    : 	KernelConfiguration.enableShadowRegister = false                                            [Init: false]
Thu 12:28: INFO    : 	KernelConfiguration.enableSmartKernelControl = false                                        [Init: false]
Thu 12:28: INFO    : 	KernelConfiguration.fifoSrlRegisterStages = 1                                               [Init: 1]
Thu 12:28: INFO    : 	KernelConfiguration.flushOnInputDataCongtiguous = false                                     [Init: false]
Thu 12:28: INFO    : 	KernelConfiguration.hardwareDebugDepth = 512                                                [Init: 512]
Thu 12:28: INFO    : 	KernelConfiguration.hwHierarchyMode = UNSET                                                 [Init: UNSET]
Thu 12:28: INFO    : 	KernelConfiguration.latencyAnnotation = false                                               [Init: false]
Thu 12:28: INFO    : 	KernelConfiguration.latencyAnnotationAll = true                                             [Init: true]
Thu 12:28: INFO    : 	KernelConfiguration.latencyAnnotationIOs =                                                  [Init: null]
Thu 12:28: INFO    : 	KernelConfiguration.maxCoalescedFifoWidth = 2147483647                                      [Init: 2147483647]
Thu 12:28: INFO    : 	KernelConfiguration.maxPreAdderFanOut = 1                                                   [Init: 1]
Thu 12:28: INFO    : 	KernelConfiguration.netlistMode = false                                                     [Init: false]
Thu 12:28: INFO    : 	KernelConfiguration.numPhotonStateMachines = 1                                              [Init: 1]
Thu 12:28: INFO    : 	KernelConfiguration.optimizations.ceCounterRegisterDuplication = 1                          [Init: 1]
Thu 12:28: INFO    : 	KernelConfiguration.optimizations.conditionalArithmetic = false                             [Init: true, Init after BuildTarget change: false]
Thu 12:28: INFO    : 	KernelConfiguration.optimizations.counterChainWrapPipelining = 0                            [Init: 0]
Thu 12:28: INFO    : 	KernelConfiguration.optimizations.dspAddChain = OPTIMISE_IGNORE_PREADDER                    [Init: null, Init after BuildTarget change: OPTIMISE_IGNORE_PREADDER]
Thu 12:28: INFO    : 	KernelConfiguration.optimizations.enableActiveFanoutReduction = false                       [Init: false]
Thu 12:28: INFO    : 	KernelConfiguration.optimizations.enableBUFGCE = false                                      [Init: false]
Thu 12:28: INFO    : 	KernelConfiguration.optimizations.enableBetterInputRegistering = false                      [Init: false]
Thu 12:28: INFO    : 	KernelConfiguration.optimizations.enableBetterRegistering = false                           [Init: false]
Thu 12:28: INFO    : 	KernelConfiguration.optimizations.enableFIFOCoalescingAcrossPlacementConstraints = false    [Init: false]
Thu 12:28: INFO    : 	KernelConfiguration.optimizations.enableFifoCoalescing = true                               [Init: true]
Thu 12:28: INFO    : 	KernelConfiguration.optimizations.enableFullPrecisionBinaryOpConstants = false              [Init: false]
Thu 12:28: INFO    : 	KernelConfiguration.optimizations.enableIntegratedRounding = false                          [Init: false]
Thu 12:28: INFO    : 	KernelConfiguration.optimizations.enableMappedMemoryHostReadBack = true                     [Init: true]
Thu 12:28: INFO    : 	KernelConfiguration.optimizations.enableMultiCycleReset = false                             [Init: false]
Thu 12:28: INFO    : 	KernelConfiguration.optimizations.enablePowerTwoFloatMult = true                            [Init: true]
Thu 12:28: INFO    : 	KernelConfiguration.optimizations.enableRedundantNodeDeletion = true                        [Init: true]
Thu 12:28: INFO    : 	KernelConfiguration.optimizations.enableStateMachineRegisterMerging = true                  [Init: true]
Thu 12:28: INFO    : 	KernelConfiguration.optimizations.inlining = false                                          [Init: false]
Thu 12:28: INFO    : 	KernelConfiguration.optimizations.inputFlushDistanceFactor = 0                              [Init: 0]
Thu 12:28: INFO    : 	KernelConfiguration.optimizations.minimumStaticFIFOSplitDepth = 1                           [Init: 1]
Thu 12:28: INFO    : 	KernelConfiguration.optimizations.optimizationTechnique = DEFAULT                           [Init: DEFAULT]
Thu 12:28: INFO    : 	KernelConfiguration.optimizations.triAdd = false                                            [Init: true, Init after BuildTarget change: false]
Thu 12:28: INFO    : 	KernelConfiguration.partialReconfBlockName =                                                [Init: ]
Thu 12:28: INFO    : 	KernelConfiguration.partialReconfMode = false                                               [Init: false]
Thu 12:28: INFO    : 	KernelConfiguration.partialReconfTemplate = false                                           [Init: false]
Thu 12:28: INFO    : 	KernelConfiguration.replicateNodeCeLog2NumPartitions = 0                                    [Init: 0]
Thu 12:28: INFO    : 	KernelConfiguration.romBRAMBitsThreshold = 2080                                             [Init: 2080]
Thu 12:28: INFO    : 	KernelConfiguration.simulation.ramAddressCollisionBehaviour = EXCEPTION                     [Init: EXCEPTION]
Thu 12:28: INFO    : 	KernelConfiguration.simulation.ramOutOfBoundsAccessBehaviour = EXCEPTION                    [Init: EXCEPTION]
Thu 12:28: INFO    : 	KernelConfiguration.simulation.simProgressMessageFrequency = 0                              [Init: 0]
Thu 12:28: INFO    : 	KernelConfiguration.useAsapScheduler = false                                                [Init: false]
Thu 12:28: INFO    : 
Thu 12:28: INFO    :  -- 
Thu 12:28: INFO    : Writing current graph to: ExampleProject-PRFOutputGen-original.pxg
Thu 12:28: INFO    : Running kernel graph-pass 'MarkConstantPass'.
Thu 12:28: INFO    : Graph-pass 'MarkConstantPass' took 107.815 µs (1 iterations)
Thu 12:28: INFO    : Dumping graph 'original' with DotDumper.
Thu 12:28: INFO    : Deleting /home/demo/Desktop/MaxCompiler-Builds/ExampleProject_VECTIS_DFE_SIM/scratch/PRFOutputGen.graphs
Thu 12:28: INFO    : Dumping graph 'original' with DotDumper took 4.17265 ms
Thu 12:28: INFO    : Deleting directory: neighbours
Thu 12:28: INFO    : Running Photon pre-schedule graph optimisations
Thu 12:28: INFO    : Running kernel graph-pass 'AlignOrEradicatePrintfs'.
Thu 12:28: INFO    : Graph-pass 'AlignOrEradicatePrintfs' took 38.1190 µs (1 iterations)
Thu 12:28: INFO    : Running kernel graph-pass 'FoldConstantsPass'.
Thu 12:28: INFO    : Graph-pass 'FoldConstantsPass' took 127.045 µs (1 iterations)
Thu 12:28: INFO    : Running kernel graph-pass 'OptimiseNodesPass'.
Thu 12:28: INFO    : Graph-pass 'OptimiseNodesPass' took 7.02579 ms (2 iterations)
Thu 12:28: INFO    : Running kernel graph-pass 'DeleteRedundantNodes'.
Thu 12:28: INFO    : Graph-pass 'DeleteRedundantNodes' took 60.1990 µs (1 iterations)
Thu 12:28: INFO    : Dumping graph 'pre_dsp_extraction' with DotDumper.
Thu 12:28: INFO    : Dumping graph 'pre_dsp_extraction' with DotDumper took 794.684 µs
Thu 12:28: INFO    : Running kernel graph-pass 'DSPMultiplyAddExtractionPass'.
Thu 12:28: INFO    : Optimized 0 sub-graphs into DSP multiply/add chains (Virtex5 mode).
Thu 12:28: INFO    : Graph-pass 'DSPMultiplyAddExtractionPass' took 3.26706 ms (1 iterations)
Thu 12:28: INFO    : Running kernel graph-pass 'PO2FPMultOptimiser'.
Thu 12:28: INFO    : Graph-pass 'PO2FPMultOptimiser' took 31.9170 µs (1 iterations)
Thu 12:28: INFO    : Dumping graph 'optimised' with DotDumper.
Thu 12:28: INFO    : Dumping graph 'optimised' with DotDumper took 3.53851 ms
Thu 12:28: INFO    : Running Photon simulation preparation
Thu 12:28: INFO    : Running kernel graph-pass 'PrepareSimulationPass'.
Thu 12:28: INFO    : Graph-pass 'PrepareSimulationPass' took 32.3260 µs (1 iterations)
Thu 12:28: INFO    : Logging Photon stats to: PRFOutputGen_photon_stats.csv
Thu 12:28: INFO    : Deleting /home/demo/Desktop/MaxCompiler-Builds/ExampleProject_VECTIS_DFE_SIM/scratch/PRFOutputGen_photon_stats.csv
Thu 12:28: INFO    : Running kernel graph-pass 'StatsPass'.
Thu 12:28: INFO    : Graph-pass 'StatsPass' took 335.635 µs (1 iterations)
Thu 12:28: INFO    : Running kernel graph-pass 'CollectNumericExceptions'.
Thu 12:28: INFO    : Graph-pass 'CollectNumericExceptions' took 32.4110 µs (1 iterations)
Thu 12:28: INFO    : Running kernel graph-pass 'StreamOffsetDivExpand'.
Thu 12:28: INFO    : Graph-pass 'StreamOffsetDivExpand' took 21.2230 µs (1 iterations)
Thu 12:28: INFO    : Running kernel graph-pass 'ReachabilityPass'.
Thu 12:28: INFO    : Graph-pass 'ReachabilityPass' took 32.1440 µs (1 iterations)
Thu 12:28: INFO    : Running kernel graph-pass 'ReachabilityPass'.
Thu 12:28: INFO    : Graph-pass 'ReachabilityPass' took 19.1510 µs (1 iterations)
Thu 12:28: INFO    : Running kernel graph-pass 'FindInputsLeadingToFlush'.
Thu 12:28: INFO    : Graph-pass 'FindInputsLeadingToFlush' took 22.5520 µs (1 iterations)
Thu 12:28: INFO    : Running kernel graph-pass 'CheckForStatefulToFlushViolations'.
Thu 12:28: INFO    : Graph-pass 'CheckForStatefulToFlushViolations' took 24.5580 µs (1 iterations)
Thu 12:28: INFO    : Running kernel graph-pass 'CheckForInputToFlushViolations'.
Thu 12:28: INFO    : Graph-pass 'CheckForInputToFlushViolations' took 61.6220 µs (1 iterations)
Thu 12:28: INFO    : Running kernel graph-pass 'FindIllegalLoops'.
Thu 12:28: INFO    : Graph-pass 'FindIllegalLoops' took 85.3700 µs (1 iterations)
Thu 12:28: INFO    : Running kernel graph-pass 'AddNodeSchedulingConstraints'.
Thu 12:28: INFO    : Graph-pass 'AddNodeSchedulingConstraints' took 30.9340 µs (1 iterations)
Thu 12:28: INFO    : Running kernel graph-pass 'MarkConstantPass'.
Thu 12:28: INFO    : Graph-pass 'MarkConstantPass' took 53.3350 µs (1 iterations)
Thu 12:28: INFO    : Running kernel graph-pass 'ScheduleVariables'.
Thu 12:28: INFO    : Graph-pass 'ScheduleVariables' took 169.319 µs (1 iterations)
Thu 12:28: INFO    : Running kernel graph-pass 'SubstituteEqPlaceholders'.
Thu 12:28: INFO    : Graph-pass 'SubstituteEqPlaceholders' took 15.0720 µs (1 iterations)
Thu 12:28: INFO    : Running kernel graph-pass 'ScheduleApplier'.
Thu 12:28: INFO    : Graph-pass 'ScheduleApplier' took 290.634 µs (1 iterations)
Thu 12:28: INFO    : Running kernel graph-pass 'MarkConstantPass'.
Thu 12:28: INFO    : Graph-pass 'MarkConstantPass' took 51.2590 µs (1 iterations)
Thu 12:28: INFO    : Running kernel graph-pass 'ScheduleDumper'.
Thu 12:28: INFO    : Graph-pass 'ScheduleDumper' took 376.654 µs (1 iterations)
Thu 12:28: INFO    : Running Photon post-schedule graph optimisations (pass 1)
Thu 12:28: INFO    : Running kernel graph-pass 'TapFIFOsPass'.
Thu 12:28: INFO    : Graph-pass 'TapFIFOsPass' took 164.908 µs (1 iterations)
Thu 12:28: INFO    : Running kernel graph-pass 'FoldFIFOsPass'.
Thu 12:28: INFO    : Graph-pass 'FoldFIFOsPass' took 84.4900 µs (1 iterations)
Thu 12:28: INFO    : Dumping graph 'tapnfold_1' with DotDumper.
Thu 12:28: INFO    : Dumping graph 'tapnfold_1' with DotDumper took 1.64686 ms
Thu 12:28: INFO    : Running kernel graph-pass 'MarkConstantPass'.
Thu 12:28: INFO    : Graph-pass 'MarkConstantPass' took 51.2350 µs (1 iterations)
Thu 12:28: INFO    : Running kernel graph-pass 'OptimiseVariableFIFOs'.
Thu 12:28: INFO    : Graph-pass 'OptimiseVariableFIFOs' took 29.4190 µs (1 iterations)
Thu 12:28: INFO    : Dumping graph 'validated_fifos' with DotDumper.
Thu 12:28: INFO    : Dumping graph 'validated_fifos' with DotDumper took 2.51832 ms
Thu 12:28: INFO    : Running kernel graph-pass 'MarkConstantPass'.
Thu 12:28: INFO    : Graph-pass 'MarkConstantPass' took 57.0830 µs (1 iterations)
Thu 12:28: INFO    : Running kernel graph-pass 'ScheduleDumper'.
Thu 12:28: INFO    : Graph-pass 'ScheduleDumper' took 387.049 µs (1 iterations)
Thu 12:28: INFO    : Running kernel graph-pass 'MarkConstantPass'.
Thu 12:28: INFO    : Graph-pass 'MarkConstantPass' took 63.7510 µs (1 iterations)
Thu 12:28: INFO    : Running kernel graph-pass 'ScheduleConstants'.
Thu 12:28: INFO    : Running command: "/opt/maxeler/maxcompiler/bin/cbc" "PRFOutputGen_schedule_C.mps.gz" -solve  -printi csv -solu "PRFOutputGen_schedule_C.csv" > "PRFOutputGen_schedule_C.stdout.log"
Thu 12:28: INFO    : Checking for file hash changes...
Thu 12:28: INFO    : No changes.
Thu 12:28: INFO    : Optimum found: 0
Thu 12:28: INFO    : Graph-pass 'ScheduleConstants' took 15.7882 ms (1 iterations)
Thu 12:28: INFO    : Running kernel graph-pass 'MarkConstantPass'.
Thu 12:28: INFO    : Graph-pass 'MarkConstantPass' took 61.5270 µs (1 iterations)
Thu 12:28: INFO    : Running kernel graph-pass 'ScheduleDumper'.
Thu 12:28: INFO    : Graph-pass 'ScheduleDumper' took 427.041 µs (1 iterations)
Thu 12:28: INFO    : Running kernel graph-pass 'SubstituteEqPlaceholders'.
Thu 12:28: INFO    : Graph-pass 'SubstituteEqPlaceholders' took 22.3500 µs (1 iterations)
Thu 12:28: INFO    : Running kernel graph-pass 'RemoveDistMeasurementNodes'.
Thu 12:28: INFO    : Graph-pass 'RemoveDistMeasurementNodes' took 2.40900 µs (1 iterations)
Thu 12:28: INFO    : Running kernel graph-pass 'ScheduleApplier'.
Thu 12:28: INFO    : Graph-pass 'ScheduleApplier' took 235.065 µs (1 iterations)
Thu 12:28: INFO    : Maximum stream latency for kernel 'PRFOutputGen': 9
Thu 12:28: INFO    : Using user logic for flush.
Thu 12:28: INFO    : Running Photon post-schedule graph optimisations (pass 2)
Thu 12:28: INFO    : Running kernel graph-pass 'TapFIFOsPass'.
Thu 12:28: INFO    : Graph-pass 'TapFIFOsPass' took 198.904 µs (1 iterations)
Thu 12:28: INFO    : Running kernel graph-pass 'FoldFIFOsPass'.
Thu 12:28: INFO    : Graph-pass 'FoldFIFOsPass' took 106.608 µs (1 iterations)
Thu 12:28: INFO    : Dumping graph 'tapnfold_2' with DotDumper.
Thu 12:28: INFO    : Dumping graph 'tapnfold_2' with DotDumper took 1.64429 ms
Thu 12:28: INFO    : Running kernel graph-pass 'MarkConstantPass'.
Thu 12:28: INFO    : Graph-pass 'MarkConstantPass' took 51.5760 µs (1 iterations)
Thu 12:28: INFO    : Running kernel graph-pass 'ScheduleAsserter'.
Thu 12:28: INFO    : Graph-pass 'ScheduleAsserter' took 169.031 µs (1 iterations)
Thu 12:28: INFO    : Running kernel graph-pass 'ReplaceEvalStreamOffsetNodes'.
Thu 12:28: INFO    : Graph-pass 'ReplaceEvalStreamOffsetNodes' took 29.4640 µs (1 iterations)
Thu 12:28: INFO    : Running kernel graph-pass 'FIFOReport'.
Thu 12:28: INFO    : Graph-pass 'FIFOReport' took 84.5740 µs (1 iterations)
Thu 12:28: INFO    : Running kernel graph-pass 'StatsPass'.
Thu 12:28: INFO    : Graph-pass 'StatsPass' took 325.401 µs (1 iterations)
Thu 12:28: INFO    : Running kernel graph-pass 'RemoveUntypedConstants'.
Thu 12:28: INFO    : Graph-pass 'RemoveUntypedConstants' took 1.53728 ms (1 iterations)
Thu 12:28: INFO    : Running kernel graph-pass 'VariableSizeMappedRegInserter'.
Thu 12:28: INFO    : Graph-pass 'VariableSizeMappedRegInserter' took 28.9300 µs (1 iterations)
Thu 12:28: INFO    : Running kernel graph-pass 'MarkConstantPass'.
Thu 12:28: INFO    : Graph-pass 'MarkConstantPass' took 48.5860 µs (1 iterations)
Thu 12:28: INFO    : Running kernel graph-pass 'MakeMaxFileNodeData'.
Thu 12:28: INFO    : Graph-pass 'MakeMaxFileNodeData' took 1.19356 ms (1 iterations)
Thu 12:28: INFO    : Running kernel graph-pass 'MoveFanoutRegsForwards'.
Thu 12:28: INFO    : Graph-pass 'MoveFanoutRegsForwards' took 28.9610 µs (1 iterations)
Thu 12:28: INFO    : Dumping graph 'final' with DotDumper.
Thu 12:28: INFO    : Dumping graph 'final' with DotDumper took 1.76498 ms
Thu 12:28: INFO    : Running kernel graph-pass 'FIFOReportDotDump'.
Thu 12:28: INFO    : Graph-pass 'FIFOReportDotDump' took 309.755 µs (1 iterations)
Thu 12:28: INFO    : Running kernel graph-pass 'FIFOReportDotDump'.
Thu 12:28: INFO    : Graph-pass 'FIFOReportDotDump' took 2.07055 ms (1 iterations)
Thu 12:28: INFO    : Running kernel graph-pass 'StallScopeDump'.
Thu 12:28: INFO    : Graph-pass 'StallScopeDump' took 366.554 µs (1 iterations)
Thu 12:28: INFO    : Optimization report for Kernel 'PRFOutputGen'.
Thu 12:28: INFO    : Enabled optimizations:
Thu 12:28: INFO    : 	DSP-Multiplication
Thu 12:28: INFO    : 	Power-of-2 Floating Point
Thu 12:28: INFO    : Updating the preliminary MaxCompilerDesignData.dat. (@ CoreCompile PRFOutputGen)
Thu 12:28: INFO    : Deleting /home/demo/Desktop/MaxCompiler-Builds/ExampleProject_VECTIS_DFE_SIM/scratch/MaxCompilerDesignData.dat
Thu 12:28: INFO    : Total compilation of 'PRFOutputGen' took 86.0076 ms.
Thu 12:28: INFO    : Deleting /home/demo/Desktop/MaxCompiler-Builds/ExampleProject_VECTIS_DFE_SIM/scratch/prf_v2_Kernel_graph_warnings.txt
Thu 12:28: PROGRESS: Instantiating kernel "prf_v2_Kernel"
Thu 12:28: PROGRESS: 
Thu 12:28: PROGRESS: Compiling kernel "prf_v2_Kernel"
Thu 12:28: INFO    : Configuration:
Thu 12:28: INFO    : 	KernelConfiguration.additionalInputPipelining = 64                                          [Init: 64]
Thu 12:28: INFO    : 	KernelConfiguration.allowDSPCascading = true                                                [Init: true]
Thu 12:28: INFO    : 	KernelConfiguration.allowInputsOutputsBeforeFlushNode = false                               [Init: false]
Thu 12:28: INFO    : 	KernelConfiguration.allowZeroLatencyNodeHold = false                                        [Init: false]
Thu 12:28: INFO    : 	KernelConfiguration.board = MAX3424A                                                        [Init: MAX2116B, change: MAX3424A]
Thu 12:28: INFO    : 	KernelConfiguration.bramBitsThreshold = 2080                                                [Init: 2080]
Thu 12:28: INFO    : 	KernelConfiguration.buildTarget = MAXCOMPILERSIM_HOST_DRIVEN                                [Init: NONE, change: MAXCOMPILERSIM_HOST_DRIVEN]
Thu 12:28: INFO    : 	KernelConfiguration.cePipelining = 2                                                        [Init: 2]
Thu 12:28: INFO    : 	KernelConfiguration.clockPhaseBalanceThreshold = 0.1                                        [Init: 0.1]
Thu 12:28: INFO    : 	KernelConfiguration.clockPhasingRetries = 50                                                [Init: 50]
Thu 12:28: INFO    : 	KernelConfiguration.dumpNeighboursString =                                                  [Init: ]
Thu 12:28: INFO    : 	KernelConfiguration.enableCeReplication = true                                              [Init: true]
Thu 12:28: INFO    : 	KernelConfiguration.enableClockPhasePartitioning = false                                    [Init: false]
Thu 12:28: INFO    : 	KernelConfiguration.enableDebugIOControlRegs = true                                         [Init: true]
Thu 12:28: INFO    : 	KernelConfiguration.enableDummyBuild = false                                                [Init: false]
Thu 12:28: INFO    : 	KernelConfiguration.enableKernelProfiler = false                                            [Init: false]
Thu 12:28: INFO    : 	KernelConfiguration.enablePipelinedComputeController = false                                [Init: false]
Thu 12:28: INFO    : 	KernelConfiguration.enableShadowRegister = false                                            [Init: false]
Thu 12:28: INFO    : 	KernelConfiguration.enableSmartKernelControl = false                                        [Init: false]
Thu 12:28: INFO    : 	KernelConfiguration.fifoSrlRegisterStages = 1                                               [Init: 1]
Thu 12:28: INFO    : 	KernelConfiguration.flushOnInputDataCongtiguous = false                                     [Init: false]
Thu 12:28: INFO    : 	KernelConfiguration.hardwareDebugDepth = 512                                                [Init: 512]
Thu 12:28: INFO    : 	KernelConfiguration.hwHierarchyMode = UNSET                                                 [Init: UNSET]
Thu 12:28: INFO    : 	KernelConfiguration.latencyAnnotation = false                                               [Init: false]
Thu 12:28: INFO    : 	KernelConfiguration.latencyAnnotationAll = true                                             [Init: true]
Thu 12:28: INFO    : 	KernelConfiguration.latencyAnnotationIOs =                                                  [Init: null]
Thu 12:28: INFO    : 	KernelConfiguration.maxCoalescedFifoWidth = 2147483647                                      [Init: 2147483647]
Thu 12:28: INFO    : 	KernelConfiguration.maxPreAdderFanOut = 1                                                   [Init: 1]
Thu 12:28: INFO    : 	KernelConfiguration.netlistMode = false                                                     [Init: false]
Thu 12:28: INFO    : 	KernelConfiguration.numPhotonStateMachines = 1                                              [Init: 1]
Thu 12:28: INFO    : 	KernelConfiguration.optimizations.ceCounterRegisterDuplication = 1                          [Init: 1]
Thu 12:28: INFO    : 	KernelConfiguration.optimizations.conditionalArithmetic = false                             [Init: true, Init after BuildTarget change: false]
Thu 12:28: INFO    : 	KernelConfiguration.optimizations.counterChainWrapPipelining = 0                            [Init: 0]
Thu 12:28: INFO    : 	KernelConfiguration.optimizations.dspAddChain = OPTIMISE_IGNORE_PREADDER                    [Init: null, Init after BuildTarget change: OPTIMISE_IGNORE_PREADDER]
Thu 12:28: INFO    : 	KernelConfiguration.optimizations.enableActiveFanoutReduction = false                       [Init: false]
Thu 12:28: INFO    : 	KernelConfiguration.optimizations.enableBUFGCE = false                                      [Init: false]
Thu 12:28: INFO    : 	KernelConfiguration.optimizations.enableBetterInputRegistering = false                      [Init: false]
Thu 12:28: INFO    : 	KernelConfiguration.optimizations.enableBetterRegistering = false                           [Init: false]
Thu 12:28: INFO    : 	KernelConfiguration.optimizations.enableFIFOCoalescingAcrossPlacementConstraints = false    [Init: false]
Thu 12:28: INFO    : 	KernelConfiguration.optimizations.enableFifoCoalescing = true                               [Init: true]
Thu 12:28: INFO    : 	KernelConfiguration.optimizations.enableFullPrecisionBinaryOpConstants = false              [Init: false]
Thu 12:28: INFO    : 	KernelConfiguration.optimizations.enableIntegratedRounding = false                          [Init: false]
Thu 12:28: INFO    : 	KernelConfiguration.optimizations.enableMappedMemoryHostReadBack = true                     [Init: true]
Thu 12:28: INFO    : 	KernelConfiguration.optimizations.enableMultiCycleReset = false                             [Init: false]
Thu 12:28: INFO    : 	KernelConfiguration.optimizations.enablePowerTwoFloatMult = true                            [Init: true]
Thu 12:28: INFO    : 	KernelConfiguration.optimizations.enableRedundantNodeDeletion = true                        [Init: true]
Thu 12:28: INFO    : 	KernelConfiguration.optimizations.enableStateMachineRegisterMerging = true                  [Init: true]
Thu 12:28: INFO    : 	KernelConfiguration.optimizations.inlining = false                                          [Init: false]
Thu 12:28: INFO    : 	KernelConfiguration.optimizations.inputFlushDistanceFactor = 0                              [Init: 0]
Thu 12:28: INFO    : 	KernelConfiguration.optimizations.minimumStaticFIFOSplitDepth = 1                           [Init: 1]
Thu 12:28: INFO    : 	KernelConfiguration.optimizations.optimizationTechnique = DEFAULT                           [Init: DEFAULT]
Thu 12:28: INFO    : 	KernelConfiguration.optimizations.triAdd = false                                            [Init: true, Init after BuildTarget change: false]
Thu 12:28: INFO    : 	KernelConfiguration.partialReconfBlockName =                                                [Init: ]
Thu 12:28: INFO    : 	KernelConfiguration.partialReconfMode = false                                               [Init: false]
Thu 12:28: INFO    : 	KernelConfiguration.partialReconfTemplate = false                                           [Init: false]
Thu 12:28: INFO    : 	KernelConfiguration.replicateNodeCeLog2NumPartitions = 0                                    [Init: 0]
Thu 12:28: INFO    : 	KernelConfiguration.romBRAMBitsThreshold = 2080                                             [Init: 2080]
Thu 12:28: INFO    : 	KernelConfiguration.simulation.ramAddressCollisionBehaviour = EXCEPTION                     [Init: EXCEPTION]
Thu 12:28: INFO    : 	KernelConfiguration.simulation.ramOutOfBoundsAccessBehaviour = EXCEPTION                    [Init: EXCEPTION]
Thu 12:28: INFO    : 	KernelConfiguration.simulation.simProgressMessageFrequency = 0                              [Init: 0]
Thu 12:28: INFO    : 	KernelConfiguration.useAsapScheduler = false                                                [Init: false]
Thu 12:28: INFO    : 
Thu 12:28: INFO    :  -- 
Thu 12:28: WARNING : Warning (UNCONNECTED_DESIGN_ELEMENT):
Thu 12:28: WARNING : Unconnected elements in design 'prf_v2_Kernel'
Thu 12:28: WARNING : details in : /home/demo/Desktop/MaxCompiler-Builds/ExampleProject_VECTIS_DFE_SIM/scratch/prf_v2_Kernel_graph_warnings.txt
Thu 12:28: INFO    : Writing current graph to: ExampleProject-prf_v2_Kernel-original.pxg
Thu 12:28: INFO    : Running kernel graph-pass 'MarkConstantPass'.
Thu 12:28: INFO    : Graph-pass 'MarkConstantPass' took 1.92531 ms (1 iterations)
Thu 12:28: INFO    : Dumping graph 'original' with DotDumper.
Thu 12:28: INFO    : Deleting /home/demo/Desktop/MaxCompiler-Builds/ExampleProject_VECTIS_DFE_SIM/scratch/prf_v2_Kernel.graphs
Thu 12:28: INFO    : Dumping graph 'original' with DotDumper took 77.5467 ms
Thu 12:28: INFO    : Deleting directory: neighbours
Thu 12:28: INFO    : Running Photon pre-schedule graph optimisations
Thu 12:28: INFO    : Running kernel graph-pass 'AlignOrEradicatePrintfs'.
Thu 12:28: INFO    : Graph-pass 'AlignOrEradicatePrintfs' took 4.95546 ms (1 iterations)
Thu 12:28: INFO    : Running kernel graph-pass 'FoldConstantsPass'.
Thu 12:28: INFO    : Graph-pass 'FoldConstantsPass' took 7.17429 ms (1 iterations)
Thu 12:28: INFO    : Running kernel graph-pass 'OptimiseNodesPass'.
Thu 12:28: INFO    : Constant multiplication by 4.00000 (node 822) has been optimized to shifts/adds
Thu 12:28: INFO    : Constant multiplication by 4.00000 (node 819) has been optimized to shifts/adds
Thu 12:28: INFO    : Constant multiplication by 4.00000 (node 816) has been optimized to shifts/adds
Thu 12:28: INFO    : Constant multiplication by 4.00000 (node 813) has been optimized to shifts/adds
Thu 12:28: INFO    : Constant multiplication by 4.00000 (node 810) has been optimized to shifts/adds
Thu 12:28: INFO    : Constant multiplication by 4.00000 (node 807) has been optimized to shifts/adds
Thu 12:28: INFO    : Constant multiplication by 4.00000 (node 804) has been optimized to shifts/adds
Thu 12:28: INFO    : Constant multiplication by 4.00000 (node 801) has been optimized to shifts/adds
Thu 12:28: INFO    : Constant multiplication by 25.0000 (node 571) has been optimized to shifts/adds
Thu 12:28: INFO    : Constant multiplication by 25.0000 (node 578) has been optimized to shifts/adds
Thu 12:28: INFO    : Constant multiplication by 25.0000 (node 585) has been optimized to shifts/adds
Thu 12:28: INFO    : Constant multiplication by 25.0000 (node 592) has been optimized to shifts/adds
Thu 12:28: INFO    : Constant multiplication by 25.0000 (node 599) has been optimized to shifts/adds
Thu 12:28: INFO    : Constant multiplication by 25.0000 (node 606) has been optimized to shifts/adds
Thu 12:28: INFO    : Constant multiplication by 25.0000 (node 613) has been optimized to shifts/adds
Thu 12:28: INFO    : Constant multiplication by 25.0000 (node 620) has been optimized to shifts/adds
Thu 12:28: INFO    : Constant multiplication by 4.00000 (node 1038) has been optimized to shifts/adds
Thu 12:28: INFO    : Constant multiplication by 4.00000 (node 1035) has been optimized to shifts/adds
Thu 12:28: INFO    : Constant multiplication by 4.00000 (node 1032) has been optimized to shifts/adds
Thu 12:28: INFO    : Constant multiplication by 4.00000 (node 1029) has been optimized to shifts/adds
Thu 12:28: INFO    : Constant multiplication by 4.00000 (node 1026) has been optimized to shifts/adds
Thu 12:28: INFO    : Constant multiplication by 4.00000 (node 1023) has been optimized to shifts/adds
Thu 12:28: INFO    : Constant multiplication by 4.00000 (node 1020) has been optimized to shifts/adds
Thu 12:28: INFO    : Constant multiplication by 4.00000 (node 1017) has been optimized to shifts/adds
Thu 12:28: INFO    : Constant multiplication by 4.00000 (node 1282) has been optimized to shifts/adds
Thu 12:28: INFO    : Constant multiplication by 4.00000 (node 1285) has been optimized to shifts/adds
Thu 12:28: INFO    : Constant multiplication by 4.00000 (node 1288) has been optimized to shifts/adds
Thu 12:28: INFO    : Constant multiplication by 4.00000 (node 1291) has been optimized to shifts/adds
Thu 12:28: INFO    : Constant multiplication by 4.00000 (node 1294) has been optimized to shifts/adds
Thu 12:28: INFO    : Constant multiplication by 4.00000 (node 1297) has been optimized to shifts/adds
Thu 12:28: INFO    : Constant multiplication by 4.00000 (node 1300) has been optimized to shifts/adds
Thu 12:28: INFO    : Constant multiplication by 4.00000 (node 1303) has been optimized to shifts/adds
Thu 12:28: INFO    : Graph-pass 'OptimiseNodesPass' took 318.974 ms (3 iterations)
Thu 12:28: INFO    : Running kernel graph-pass 'DeleteRedundantNodes'.
Thu 12:28: INFO    : Graph-pass 'DeleteRedundantNodes' took 6.02285 ms (1 iterations)
Thu 12:28: INFO    : Dumping graph 'pre_dsp_extraction' with DotDumper.
Thu 12:28: INFO    : Dumping graph 'pre_dsp_extraction' with DotDumper took 56.9473 ms
Thu 12:28: INFO    : Running kernel graph-pass 'DSPMultiplyAddExtractionPass'.
Thu 12:28: INFO    : Optimized 0 sub-graphs into DSP multiply/add chains (Virtex5 mode).
Thu 12:28: INFO    : Graph-pass 'DSPMultiplyAddExtractionPass' took 202.617 ms (1 iterations)
Thu 12:28: INFO    : Running kernel graph-pass 'PO2FPMultOptimiser'.
Thu 12:28: INFO    : Graph-pass 'PO2FPMultOptimiser' took 271.993 µs (1 iterations)
Thu 12:28: INFO    : Dumping graph 'optimised' with DotDumper.
Thu 12:28: INFO    : Dumping graph 'optimised' with DotDumper took 45.4365 ms
Thu 12:28: INFO    : Running Photon simulation preparation
Thu 12:28: INFO    : Running kernel graph-pass 'PrepareSimulationPass'.
Thu 12:28: INFO    : Graph-pass 'PrepareSimulationPass' took 94.1294 ms (2 iterations)
Thu 12:28: INFO    : Logging Photon stats to: prf_v2_Kernel_photon_stats.csv
Thu 12:28: INFO    : Deleting /home/demo/Desktop/MaxCompiler-Builds/ExampleProject_VECTIS_DFE_SIM/scratch/prf_v2_Kernel_photon_stats.csv
Thu 12:28: INFO    : Running kernel graph-pass 'StatsPass'.
Thu 12:28: INFO    : Graph-pass 'StatsPass' took 9.52777 ms (1 iterations)
Thu 12:28: INFO    : Running kernel graph-pass 'CollectNumericExceptions'.
Thu 12:28: INFO    : Graph-pass 'CollectNumericExceptions' took 315.659 µs (1 iterations)
Thu 12:28: INFO    : Running kernel graph-pass 'StreamOffsetDivExpand'.
Thu 12:28: INFO    : Graph-pass 'StreamOffsetDivExpand' took 5.11350 ms (1 iterations)
Thu 12:28: INFO    : Running kernel graph-pass 'ReachabilityPass'.
Thu 12:28: INFO    : Graph-pass 'ReachabilityPass' took 424.690 µs (1 iterations)
Thu 12:28: INFO    : Running kernel graph-pass 'ReachabilityPass'.
Thu 12:28: INFO    : Graph-pass 'ReachabilityPass' took 390.000 µs (1 iterations)
Thu 12:28: INFO    : Running kernel graph-pass 'FindInputsLeadingToFlush'.
Thu 12:28: INFO    : Graph-pass 'FindInputsLeadingToFlush' took 92.1240 µs (1 iterations)
Thu 12:28: INFO    : Running kernel graph-pass 'CheckForStatefulToFlushViolations'.
Thu 12:28: INFO    : Graph-pass 'CheckForStatefulToFlushViolations' took 178.968 µs (1 iterations)
Thu 12:28: INFO    : Running kernel graph-pass 'CheckForInputToFlushViolations'.
Thu 12:28: INFO    : Graph-pass 'CheckForInputToFlushViolations' took 4.60516 ms (1 iterations)
Thu 12:28: INFO    : Running kernel graph-pass 'FindIllegalLoops'.
Thu 12:28: INFO    : Graph-pass 'FindIllegalLoops' took 6.59158 ms (1 iterations)
Thu 12:28: INFO    : Running kernel graph-pass 'AddNodeSchedulingConstraints'.
Thu 12:28: INFO    : Graph-pass 'AddNodeSchedulingConstraints' took 143.537 µs (1 iterations)
Thu 12:28: INFO    : Running kernel graph-pass 'MarkConstantPass'.
Thu 12:28: INFO    : Graph-pass 'MarkConstantPass' took 1.00549 ms (1 iterations)
Thu 12:28: INFO    : Running kernel graph-pass 'ScheduleVariables'.
Thu 12:28: INFO    : Graph-pass 'ScheduleVariables' took 11.1898 ms (1 iterations)
Thu 12:28: INFO    : Running kernel graph-pass 'SubstituteEqPlaceholders'.
Thu 12:28: INFO    : Graph-pass 'SubstituteEqPlaceholders' took 169.837 µs (1 iterations)
Thu 12:28: INFO    : Running kernel graph-pass 'ScheduleApplier'.
Thu 12:28: INFO    : Graph-pass 'ScheduleApplier' took 35.9903 ms (1 iterations)
Thu 12:28: INFO    : Running kernel graph-pass 'MarkConstantPass'.
Thu 12:28: INFO    : Graph-pass 'MarkConstantPass' took 1.03399 ms (1 iterations)
Thu 12:28: INFO    : Running kernel graph-pass 'ScheduleDumper'.
Thu 12:28: INFO    : Graph-pass 'ScheduleDumper' took 36.3986 ms (1 iterations)
Thu 12:28: INFO    : Running Photon post-schedule graph optimisations (pass 1)
Thu 12:28: INFO    : Running kernel graph-pass 'TapFIFOsPass'.
Thu 12:28: INFO    : Graph-pass 'TapFIFOsPass' took 10.3148 ms (1 iterations)
Thu 12:28: INFO    : Running kernel graph-pass 'FoldFIFOsPass'.
Thu 12:28: INFO    : Graph-pass 'FoldFIFOsPass' took 479.519 µs (1 iterations)
Thu 12:28: INFO    : Dumping graph 'tapnfold_1' with DotDumper.
Thu 12:28: INFO    : Dumping graph 'tapnfold_1' with DotDumper took 60.9483 ms
Thu 12:28: INFO    : Running kernel graph-pass 'MarkConstantPass'.
Thu 12:28: INFO    : Graph-pass 'MarkConstantPass' took 2.86364 ms (1 iterations)
Thu 12:28: INFO    : Running kernel graph-pass 'OptimiseVariableFIFOs'.
Thu 12:28: INFO    : Graph-pass 'OptimiseVariableFIFOs' took 51.9960 µs (1 iterations)
Thu 12:28: INFO    : Dumping graph 'validated_fifos' with DotDumper.
Thu 12:28: INFO    : Dumping graph 'validated_fifos' with DotDumper took 42.3338 ms
Thu 12:28: INFO    : Running kernel graph-pass 'MarkConstantPass'.
Thu 12:28: INFO    : Graph-pass 'MarkConstantPass' took 5.78943 ms (1 iterations)
Thu 12:28: INFO    : Running kernel graph-pass 'ScheduleDumper'.
Thu 12:28: INFO    : Graph-pass 'ScheduleDumper' took 39.4677 ms (1 iterations)
Thu 12:28: INFO    : Running kernel graph-pass 'MarkConstantPass'.
Thu 12:28: INFO    : Graph-pass 'MarkConstantPass' took 5.23888 ms (1 iterations)
Thu 12:28: INFO    : Running kernel graph-pass 'ScheduleConstants'.
Thu 12:28: INFO    : Running command: "/opt/maxeler/maxcompiler/bin/cbc" "prf_v2_Kernel_schedule_C.mps.gz" -solve  -printi csv -solu "prf_v2_Kernel_schedule_C.csv" > "prf_v2_Kernel_schedule_C.stdout.log"
Thu 12:28: INFO    : Checking for file hash changes...
Thu 12:28: INFO    : Hash changed for file: 'prf_v2_Kernel_schedule_C.mps.gz'
Thu 12:28: INFO    : Optimum found: 3282
Thu 12:28: INFO    : Graph-pass 'ScheduleConstants' took 2.05061 s (1 iterations)
Thu 12:28: INFO    : Running kernel graph-pass 'MarkConstantPass'.
Thu 12:28: INFO    : Graph-pass 'MarkConstantPass' took 533.854 µs (1 iterations)
Thu 12:28: INFO    : Running kernel graph-pass 'ScheduleDumper'.
Thu 12:28: INFO    : Graph-pass 'ScheduleDumper' took 9.80964 ms (1 iterations)
Thu 12:28: INFO    : Running kernel graph-pass 'SubstituteEqPlaceholders'.
Thu 12:28: INFO    : Graph-pass 'SubstituteEqPlaceholders' took 241.870 µs (1 iterations)
Thu 12:28: INFO    : Running kernel graph-pass 'RemoveDistMeasurementNodes'.
Thu 12:28: INFO    : Graph-pass 'RemoveDistMeasurementNodes' took 3.84200 µs (1 iterations)
Thu 12:28: INFO    : Running kernel graph-pass 'ScheduleApplier'.
Thu 12:28: INFO    : Graph-pass 'ScheduleApplier' took 120.125 ms (1 iterations)
Thu 12:28: INFO    : Maximum stream latency for kernel 'prf_v2_Kernel': 33
Thu 12:28: INFO    : Using user logic for flush.
Thu 12:28: INFO    : Running Photon post-schedule graph optimisations (pass 2)
Thu 12:28: INFO    : Running kernel graph-pass 'TapFIFOsPass'.
Thu 12:28: INFO    : Graph-pass 'TapFIFOsPass' took 82.4719 ms (2 iterations)
Thu 12:28: INFO    : Running kernel graph-pass 'FoldFIFOsPass'.
Thu 12:28: INFO    : Graph-pass 'FoldFIFOsPass' took 720.827 µs (1 iterations)
Thu 12:28: INFO    : Dumping graph 'tapnfold_2' with DotDumper.
Thu 12:28: INFO    : Dumping graph 'tapnfold_2' with DotDumper took 50.4231 ms
Thu 12:28: INFO    : Running kernel graph-pass 'MarkConstantPass'.
Thu 12:28: INFO    : Graph-pass 'MarkConstantPass' took 419.941 µs (1 iterations)
Thu 12:28: INFO    : Running kernel graph-pass 'ScheduleAsserter'.
Thu 12:28: INFO    : Graph-pass 'ScheduleAsserter' took 6.32463 ms (1 iterations)
Thu 12:28: INFO    : Running kernel graph-pass 'ReplaceEvalStreamOffsetNodes'.
Thu 12:28: INFO    : Graph-pass 'ReplaceEvalStreamOffsetNodes' took 103.722 µs (1 iterations)
Thu 12:28: INFO    : Running kernel graph-pass 'FIFOReport'.
Thu 12:28: INFO    : Graph-pass 'FIFOReport' took 17.3085 ms (1 iterations)
Thu 12:28: INFO    : Running kernel graph-pass 'StatsPass'.
Thu 12:28: INFO    : Graph-pass 'StatsPass' took 5.27880 ms (1 iterations)
Thu 12:28: INFO    : Running kernel graph-pass 'RemoveUntypedConstants'.
Thu 12:28: INFO    : Graph-pass 'RemoveUntypedConstants' took 95.4537 ms (1 iterations)
Thu 12:28: INFO    : Running kernel graph-pass 'VariableSizeMappedRegInserter'.
Thu 12:28: INFO    : Graph-pass 'VariableSizeMappedRegInserter' took 255.679 µs (1 iterations)
Thu 12:28: INFO    : Running kernel graph-pass 'MarkConstantPass'.
Thu 12:28: INFO    : Graph-pass 'MarkConstantPass' took 4.65370 ms (1 iterations)
Thu 12:28: INFO    : Running kernel graph-pass 'MakeMaxFileNodeData'.
Thu 12:28: INFO    : Graph-pass 'MakeMaxFileNodeData' took 119.554 ms (1 iterations)
Thu 12:28: INFO    : Running kernel graph-pass 'MoveFanoutRegsForwards'.
Thu 12:28: INFO    : Graph-pass 'MoveFanoutRegsForwards' took 183.104 µs (1 iterations)
Thu 12:28: INFO    : Dumping graph 'final' with DotDumper.
Thu 12:28: INFO    : Dumping graph 'final' with DotDumper took 49.1100 ms
Thu 12:28: INFO    : Running kernel graph-pass 'FIFOReportDotDump'.
Thu 12:28: INFO    : Graph-pass 'FIFOReportDotDump' took 38.0343 ms (1 iterations)
Thu 12:28: INFO    : Running kernel graph-pass 'FIFOReportDotDump'.
Thu 12:28: INFO    : Graph-pass 'FIFOReportDotDump' took 34.1032 ms (1 iterations)
Thu 12:28: INFO    : Running kernel graph-pass 'StallScopeDump'.
Thu 12:28: INFO    : Graph-pass 'StallScopeDump' took 6.41031 ms (1 iterations)
Thu 12:28: INFO    : Optimization report for Kernel 'prf_v2_Kernel'.
Thu 12:28: INFO    : Enabled optimizations:
Thu 12:28: INFO    : 	DSP-Multiplication
Thu 12:28: INFO    : 	Power-of-2 Floating Point
Thu 12:28: INFO    : Updating the preliminary MaxCompilerDesignData.dat. (@ CoreCompile prf_v2_Kernel)
Thu 12:28: INFO    : Deleting /home/demo/Desktop/MaxCompiler-Builds/ExampleProject_VECTIS_DFE_SIM/scratch/MaxCompilerDesignData.dat
Thu 12:28: INFO    : Total compilation of 'prf_v2_Kernel' took 4.64125 s.
Thu 12:28: INFO    : Backing-up source-files (old source files in build directory will be removed first)...
Thu 12:28: INFO    : Source directories: /home/demo/workspace_prf/prfv3/APP/EngineCode/src:
Thu 12:28: INFO    : Deleting directory: src
Thu 12:28: INFO    : Copying source-files took 9.51291 ms
Thu 12:28: INFO    : Manager Configuration:
Thu 12:28: INFO    : 	ManagerConfiguration.allowNonMultipleTransitions = false                                                         [Init: false]
Thu 12:28: INFO    : 	ManagerConfiguration.board = MAX3424A                                                                            [Init: null, init: MAX3424A]
Thu 12:28: INFO    : 	ManagerConfiguration.build.buildEffort = MEDIUM                                                                  [Init: MEDIUM]
Thu 12:28: INFO    : 	ManagerConfiguration.build.enableChipScopeInserter = false                                                       [Init: false]
Thu 12:28: INFO    : 	ManagerConfiguration.build.enableTimingAnalysis = true                                                           [Init: true]
Thu 12:28: INFO    : 	ManagerConfiguration.build.level = FULL_BUILD                                                                    [Init: FULL_BUILD]
Thu 12:28: INFO    : 	ManagerConfiguration.build.mpprContinueAfterMeetingTiming = false                                                [Init: false]
Thu 12:28: INFO    : 	ManagerConfiguration.build.mpprCtMax = 1                                                                         [Init: 1]
Thu 12:28: INFO    : 	ManagerConfiguration.build.mpprCtMin = 1                                                                         [Init: 1]
Thu 12:28: INFO    : 	ManagerConfiguration.build.mpprParallelism = 1                                                                   [Init: 1]
Thu 12:28: INFO    : 	ManagerConfiguration.build.mpprRetryMissesThrshld = 0                                                            [Init: 0]
Thu 12:28: INFO    : 	ManagerConfiguration.build.optimizationGoal = BALANCED                                                           [Init: BALANCED]
Thu 12:28: INFO    : 	ManagerConfiguration.build.physSynthAsyncPipelining = AUTO                                                       [Init: AUTO]
Thu 12:28: INFO    : 	ManagerConfiguration.build.physSynthCombLogic = AUTO                                                             [Init: AUTO]
Thu 12:28: INFO    : 	ManagerConfiguration.build.physSynthCombLogicForArea = AUTO                                                      [Init: AUTO]
Thu 12:28: INFO    : 	ManagerConfiguration.build.physSynthEffort = AUTO                                                                [Init: AUTO]
Thu 12:28: INFO    : 	ManagerConfiguration.build.physSynthRegDuplication = AUTO                                                        [Init: AUTO]
Thu 12:28: INFO    : 	ManagerConfiguration.build.physSynthRetiming = AUTO                                                              [Init: AUTO]
Thu 12:28: INFO    : 	ManagerConfiguration.build.physicalSynthesis = false                                                             [Init: false]
Thu 12:28: INFO    : 	ManagerConfiguration.buildTarget = DFE_SIM                                                                       [Init: null, init: DFE_SIM]
Thu 12:28: INFO    : 	ManagerConfiguration.debug.chipscopeCaptureDepth = 4096                                                          [Init: 4096]
Thu 12:28: INFO    : 	ManagerConfiguration.debug.fifoUnderOverFlowRegs = false                                                         [Init: false]
Thu 12:28: INFO    : 	ManagerConfiguration.debug.memCtlDebugRegs = true                                                                [Init: true]
Thu 12:28: INFO    : 	ManagerConfiguration.debug.memCtlExtraDebugRegs = false                                                          [Init: false]
Thu 12:28: INFO    : 	ManagerConfiguration.debug.memMarginingSupport = false                                                           [Init: false]
Thu 12:28: INFO    : 	ManagerConfiguration.debug.memPhyDebugRegister = NONE                                                            [Init: NONE]
Thu 12:28: INFO    : 	ManagerConfiguration.debug.memPllLockDebugRegs = true                                                            [Init: true]
Thu 12:28: INFO    : 	ManagerConfiguration.debug.streamStatus = false                                                                  [Init: false]
Thu 12:28: INFO    : 	ManagerConfiguration.debug.streamStatusChecksums = false                                                         [Init: false]
Thu 12:28: INFO    : 	ManagerConfiguration.dram.commandEchoModeEnabled = false                                                         [Init: false]
Thu 12:28: INFO    : 	ManagerConfiguration.dram.commandEchoModeFifoDepth = 512                                                         [Init: 512]
Thu 12:28: INFO    : 	ManagerConfiguration.dram.commandEchoModeStreamAlmostEmptyLatency = 792                                          [Init: 792]
Thu 12:28: INFO    : 	ManagerConfiguration.dram.commandEchoModeStreamAlmostEmptyLatency = 8                                            [Init: 8]
Thu 12:28: INFO    : 	ManagerConfiguration.dram.commandEchoModeStreamStallLatency = 8                                                  [Init: 8]
Thu 12:28: INFO    : 	ManagerConfiguration.dram.max4m_GALAVA_MCP_UseRefClk = false                                                     [Init: false]
Thu 12:28: INFO    : 	ManagerConfiguration.dram.max4m_MAIA_MCP_UseRefClk = false                                                       [Init: false]
Thu 12:28: INFO    : 	ManagerConfiguration.enableMPCX = false                                                                          [Init: false, init: true, change: false]
Thu 12:28: INFO    : 	ManagerConfiguration.maxring.maxringConnections = []                                                             [Init: []]
Thu 12:28: INFO    : 	ManagerConfiguration.maxring.maxringNumLanes = {MAXRING_LITE_A=1, MAXRING_LITE_B=1, MAXRING_A=2, MAXRING_B=2}    [Init: {}]
Thu 12:28: INFO    : 	ManagerConfiguration.multiCycleMappedMemoryBus = false                                                           [Init: false]
Thu 12:28: INFO    : 	ManagerConfiguration.pcie.numPCIeLanes = 0                                                                       [Init: 0]
Thu 12:28: INFO    : 	ManagerConfiguration.pcie.pcieFastClock = false                                                                  [Init: false]
Thu 12:28: INFO    : 	ManagerConfiguration.pcie.streamFromHostMaxNum = 8                                                               [Init: 0, change: 8]
Thu 12:28: INFO    : 	ManagerConfiguration.pcie.streamToHostMaxNum = 8                                                                 [Init: 0, change: 8]
Thu 12:28: INFO    : 	ManagerConfiguration.persona.boardModel = MAX3424A                                                               [Init: null, change: MAX3424A]
Thu 12:28: INFO    : 	ManagerConfiguration.persona.ddr3Enable = false                                                                  [Init: false]
Thu 12:28: INFO    : 	ManagerConfiguration.persona.ddr3Frq = 303.0                                                                     [Init: 400.0, change: 303.0]
Thu 12:28: INFO    : 	ManagerConfiguration.persona.ddr3Qmode = false                                                                   [Init: false]
Thu 12:28: INFO    : 	ManagerConfiguration.persona.disableMultiplePersona = true                                                       [Init: true]
Thu 12:28: INFO    : 	ManagerConfiguration.persona.dynamic_scaling = false                                                             [Init: false]
Thu 12:28: INFO    : 	ManagerConfiguration.persona.enableCPLDOverrideOutpus = false                                                    [Init: false]
Thu 12:28: INFO    : 	ManagerConfiguration.persona.enableJDFEPTPTestLogic = false                                                      [Init: false]
Thu 12:28: INFO    : 	ManagerConfiguration.persona.maxRingLocal = false                                                                [Init: false]
Thu 12:28: INFO    : 	ManagerConfiguration.persona.maxRingOptical = false                                                              [Init: false]
Thu 12:28: INFO    : 	ManagerConfiguration.persona.maxringDataRate = 2500.0                                                            [Init: 2500.0]
Thu 12:28: INFO    : 	ManagerConfiguration.persona.maxringOpticalDataRate = 10000.0                                                    [Init: 10000.0]
Thu 12:28: INFO    : 	ManagerConfiguration.persona.mode = InitMode                                                                     [Init: InitMode]
Thu 12:28: INFO    : 	ManagerConfiguration.persona.panMaxRingA = false                                                                 [Init: false]
Thu 12:28: INFO    : 	ManagerConfiguration.persona.panMaxRingB = false                                                                 [Init: false]
Thu 12:28: INFO    : 	ManagerConfiguration.persona.personaInterfaceVersion = 1                                                         [Init: 1]
Thu 12:28: INFO    : 	ManagerConfiguration.persona.qdr2Enable = false                                                                  [Init: false]
Thu 12:28: INFO    : 	ManagerConfiguration.persona.qdr2Frq = 350.0                                                                     [Init: 350.0]
Thu 12:28: INFO    : 	ManagerConfiguration.persona.streamClks = 1                                                                      [Init: 1]
Thu 12:28: INFO    : 	ManagerConfiguration.persona.streamFrq = [100.0]                                                                 [Init: [150.0], change: [100.0]]
Thu 12:28: INFO    : 	ManagerConfiguration.persona.streamPs = [0]                                                                      [Init: [0]]
Thu 12:28: INFO    : 	ManagerConfiguration.persona.usePCIeGen1 = false                                                                 [Init: false]
Thu 12:28: INFO    : 	ManagerConfiguration.simulation.nativeFloatingPoint = false                                                      [Init: false]
Thu 12:28: INFO    : 	ManagerConfiguration.streamClockFrq = 100                                                                        [Init: 100]
Thu 12:28: INFO    : 	ManagerConfiguration.useLegacyStreamFIFOs = false                                                                [Init: false]
Thu 12:28: INFO    : 
Thu 12:28: INFO    :  -- 
Thu 12:28: INFO    : Running kernel graph-pass 'MarkConstantPass'.
Thu 12:28: INFO    : Graph-pass 'MarkConstantPass' took 31.3410 µs (1 iterations)
Thu 12:28: INFO    : Running kernel graph-pass 'MaxConstantLatency'.
Thu 12:28: INFO    : Graph-pass 'MaxConstantLatency' took 119.677 µs (1 iterations)
Thu 12:28: INFO    : Running kernel graph-pass 'SimCodeGraphPass'.
Thu 12:28: INFO    : Graph-pass 'SimCodeGraphPass' took 19.1490 ms (1 iterations)
Thu 12:28: INFO    : Writing current graph to: ExampleProject-prf_v2_Input_Generator-final-simulation.pxg
Thu 12:28: INFO    : Running kernel graph-pass 'GeneratePXG'.
Thu 12:28: INFO    : Graph-pass 'GeneratePXG' took 9.58965 ms (1 iterations)
Thu 12:28: INFO    : Running kernel graph-pass 'MarkConstantPass'.
Thu 12:28: INFO    : Graph-pass 'MarkConstantPass' took 18.7940 µs (1 iterations)
Thu 12:28: INFO    : Running kernel graph-pass 'MaxConstantLatency'.
Thu 12:28: INFO    : Graph-pass 'MaxConstantLatency' took 43.3950 µs (1 iterations)
Thu 12:28: INFO    : Running kernel graph-pass 'SimCodeGraphPass'.
Thu 12:28: INFO    : Graph-pass 'SimCodeGraphPass' took 5.70275 ms (1 iterations)
Thu 12:28: INFO    : Writing current graph to: ExampleProject-PRFOutputGen-final-simulation.pxg
Thu 12:28: INFO    : Running kernel graph-pass 'GeneratePXG'.
Thu 12:28: INFO    : Graph-pass 'GeneratePXG' took 10.5256 ms (1 iterations)
Thu 12:28: INFO    : Running kernel graph-pass 'MarkConstantPass'.
Thu 12:28: INFO    : Graph-pass 'MarkConstantPass' took 661.554 µs (1 iterations)
Thu 12:28: INFO    : Running kernel graph-pass 'MaxConstantLatency'.
Thu 12:28: INFO    : Graph-pass 'MaxConstantLatency' took 466.529 µs (1 iterations)
Thu 12:28: INFO    : Running kernel graph-pass 'SimCodeGraphPass'.
Thu 12:28: INFO    : Graph-pass 'SimCodeGraphPass' took 135.023 ms (1 iterations)
Thu 12:28: INFO    : Writing current graph to: ExampleProject-prf_v2_Kernel-final-simulation.pxg
Thu 12:28: INFO    : Running kernel graph-pass 'GeneratePXG'.
Thu 12:28: INFO    : Graph-pass 'GeneratePXG' took 310.997 ms (1 iterations)
Thu 12:28: INFO    : Deleting /home/demo/Desktop/MaxCompiler-Builds/ExampleProject_VECTIS_DFE_SIM/scratch/Manager_ExampleProject.graphs
Thu 12:28: INFO    : Running manager compiler graph-pass: GenerateMXGInfo
Thu 12:28: INFO    : Running manager compiler graph-pass: ScheduleStallLatency
Thu 12:28: INFO    : Running manager compiler graph-pass: ClockWidthAssignment
Thu 12:28: INFO    : Running manager compiler graph-pass: InsertDualAspectLogic
Thu 12:28: INFO    : Running manager compiler graph-pass: ClockWidthAssignment
Thu 12:28: INFO    : Running manager compiler graph-pass: InsertPullPushAdapter
Thu 12:28: INFO    : Running manager compiler graph-pass: ClockWidthAssignment
Thu 12:28: INFO    : Running manager compiler graph-pass: InsertStreamFifos
Thu 12:28: INFO    : Running manager compiler graph-pass: ClockWidthAssignment
Thu 12:28: INFO    : Running manager compiler graph-pass: InsertStreamStatus
Thu 12:28: INFO    : Running manager compiler graph-pass: InsertChipscope
Thu 12:28: INFO    : Inserted 0 chipscope manager nodes.
Thu 12:28: INFO    : Running manager compiler graph-pass: ClockWidthAssignment
Thu 12:28: INFO    : Running manager compiler graph-pass: ReportClockAssignments
Thu 12:28: INFO    : Running manager compiler graph-pass: BuildSoftwareSim
Thu 12:28: INFO    : Mapped register report:
Thu 12:28: INFO    : 	0	io_input_vector_force_disabled	1bytes
Thu 12:28: INFO    : 	1	io_input_data_arr0_0_force_disabled	1bytes
Thu 12:28: INFO    : 	2	io_input_data_arr0_1_force_disabled	1bytes
Thu 12:28: INFO    : 	3	io_input_data_arr0_2_force_disabled	1bytes
Thu 12:28: INFO    : 	4	io_input_data_arr0_3_force_disabled	1bytes
Thu 12:28: INFO    : 	5	io_input_data_arr1_0_force_disabled	1bytes
Thu 12:28: INFO    : 	6	io_input_data_arr1_1_force_disabled	1bytes
Thu 12:28: INFO    : 	7	io_input_data_arr1_2_force_disabled	1bytes
Thu 12:28: INFO    : 	8	io_input_data_arr1_3_force_disabled	1bytes
Thu 12:28: INFO    : 	9	io_index_i_force_disabled	1bytes
Thu 12:28: INFO    : 	a	io_index_j_force_disabled	1bytes
Thu 12:28: INFO    : 	b	io_acc_type_force_disabled	1bytes
Thu 12:28: INFO    : 	c	io_write_enable_force_disabled	1bytes
Thu 12:28: INFO    : 	d	run_cycle_count	6bytes
Thu 12:28: INFO    : 	13	current_run_cycle_count	6bytes
Thu 12:28: INFO    : 	19	dbg_ctld_almost_empty	1bytes
Thu 12:28: INFO    : 	1a	dbg_ctld_done	1bytes
Thu 12:28: INFO    : 	1b	dbg_ctld_empty	1bytes
Thu 12:28: INFO    : 	1c	dbg_ctld_read	1bytes
Thu 12:28: INFO    : 	1d	dbg_ctld_read_pipe_dbg	1bytes
Thu 12:28: INFO    : 	1e	dbg_ctld_request	1bytes
Thu 12:28: INFO    : 	1f	dbg_done_out	1bytes
Thu 12:28: INFO    : 	20	dbg_fill_level	1bytes
Thu 12:28: INFO    : 	21	dbg_flush_level	1bytes
Thu 12:28: INFO    : 	22	dbg_flush_start	1bytes
Thu 12:28: INFO    : 	23	dbg_flush_start_level	1bytes
Thu 12:28: INFO    : 	24	dbg_flushing	1bytes
Thu 12:28: INFO    : 	25	dbg_full_level	1bytes
Thu 12:28: INFO    : 	26	dbg_out_stall	2bytes
Thu 12:28: INFO    : 	28	dbg_out_valid	2bytes
Thu 12:28: INFO    : 	2a	dbg_stall_vector	2bytes
Thu 12:28: INFO    : 	2c	io_index_i_force_disabled	1bytes
Thu 12:28: INFO    : 	2d	io_index_j_force_disabled	1bytes
Thu 12:28: INFO    : 	2e	io_acc_type_force_disabled	1bytes
Thu 12:28: INFO    : 	2f	io_write_enable_force_disabled	1bytes
Thu 12:28: INFO    : 	30	io_input_data_arr0_0_force_disabled	1bytes
Thu 12:28: INFO    : 	31	io_input_data_arr0_1_force_disabled	1bytes
Thu 12:28: INFO    : 	32	io_input_data_arr0_2_force_disabled	1bytes
Thu 12:28: INFO    : 	33	io_input_data_arr0_3_force_disabled	1bytes
Thu 12:28: INFO    : 	34	io_input_data_arr1_0_force_disabled	1bytes
Thu 12:28: INFO    : 	35	io_input_data_arr1_1_force_disabled	1bytes
Thu 12:28: INFO    : 	36	io_input_data_arr1_2_force_disabled	1bytes
Thu 12:28: INFO    : 	37	io_input_data_arr1_3_force_disabled	1bytes
Thu 12:28: INFO    : 	38	io_o_0_0_force_disabled	1bytes
Thu 12:28: INFO    : 	39	io_o_0_1_force_disabled	1bytes
Thu 12:28: INFO    : 	3a	io_o_0_2_force_disabled	1bytes
Thu 12:28: INFO    : 	3b	io_o_0_3_force_disabled	1bytes
Thu 12:28: INFO    : 	3c	io_o_1_0_force_disabled	1bytes
Thu 12:28: INFO    : 	3d	io_o_1_1_force_disabled	1bytes
Thu 12:28: INFO    : 	3e	io_o_1_2_force_disabled	1bytes
Thu 12:28: INFO    : 	3f	io_o_1_3_force_disabled	1bytes
Thu 12:28: INFO    : 	40	run_cycle_count	6bytes
Thu 12:28: INFO    : 	46	current_run_cycle_count	6bytes
Thu 12:28: INFO    : 	4c	dbg_ctld_almost_empty	2bytes
Thu 12:28: INFO    : 	4e	dbg_ctld_done	2bytes
Thu 12:28: INFO    : 	50	dbg_ctld_empty	2bytes
Thu 12:28: INFO    : 	52	dbg_ctld_read	2bytes
Thu 12:28: INFO    : 	54	dbg_ctld_read_pipe_dbg	5bytes
Thu 12:28: INFO    : 	59	dbg_ctld_request	2bytes
Thu 12:28: INFO    : 	5b	dbg_done_out	1bytes
Thu 12:28: INFO    : 	5c	dbg_fill_level	1bytes
Thu 12:28: INFO    : 	5d	dbg_flush_level	1bytes
Thu 12:28: INFO    : 	5e	dbg_flush_start	1bytes
Thu 12:28: INFO    : 	5f	dbg_flush_start_level	1bytes
Thu 12:28: INFO    : 	60	dbg_flushing	1bytes
Thu 12:28: INFO    : 	61	dbg_full_level	1bytes
Thu 12:28: INFO    : 	62	dbg_out_stall	1bytes
Thu 12:28: INFO    : 	63	dbg_out_valid	1bytes
Thu 12:28: INFO    : 	64	dbg_stall_vector	1bytes
Thu 12:28: INFO    : 	65	io_o_0_0_force_disabled	1bytes
Thu 12:28: INFO    : 	66	io_o_0_1_force_disabled	1bytes
Thu 12:28: INFO    : 	67	io_o_0_2_force_disabled	1bytes
Thu 12:28: INFO    : 	68	io_o_0_3_force_disabled	1bytes
Thu 12:28: INFO    : 	69	io_o_1_0_force_disabled	1bytes
Thu 12:28: INFO    : 	6a	io_o_1_1_force_disabled	1bytes
Thu 12:28: INFO    : 	6b	io_o_1_2_force_disabled	1bytes
Thu 12:28: INFO    : 	6c	io_o_1_3_force_disabled	1bytes
Thu 12:28: INFO    : 	6d	io_output_force_disabled	1bytes
Thu 12:28: INFO    : 	6e	run_cycle_count	6bytes
Thu 12:28: INFO    : 	74	current_run_cycle_count	6bytes
Thu 12:28: INFO    : 	7a	dbg_ctld_almost_empty	1bytes
Thu 12:28: INFO    : 	7b	dbg_ctld_done	1bytes
Thu 12:28: INFO    : 	7c	dbg_ctld_empty	1bytes
Thu 12:28: INFO    : 	7d	dbg_ctld_read	1bytes
Thu 12:28: INFO    : 	7e	dbg_ctld_read_pipe_dbg	3bytes
Thu 12:28: INFO    : 	81	dbg_ctld_request	1bytes
Thu 12:28: INFO    : 	82	dbg_done_out	1bytes
Thu 12:28: INFO    : 	83	dbg_fill_level	1bytes
Thu 12:28: INFO    : 	84	dbg_flush_level	1bytes
Thu 12:28: INFO    : 	85	dbg_flush_start	1bytes
Thu 12:28: INFO    : 	86	dbg_flush_start_level	1bytes
Thu 12:28: INFO    : 	87	dbg_flushing	1bytes
Thu 12:28: INFO    : 	88	dbg_full_level	1bytes
Thu 12:28: INFO    : 	89	dbg_out_stall	1bytes
Thu 12:28: INFO    : 	8a	dbg_out_valid	1bytes
Thu 12:28: INFO    : 	8b	dbg_stall_vector	1bytes
Thu 12:28: INFO    : 	8c	ifpga_ctrl	1bytes
Thu 12:28: INFO    : 	8d	SFA_FORWARD_EN	4bytes
Thu 12:28: INFO    : Mapped register chain length = 145
Thu 12:28: INFO    : Mapped register efficiency = 0.57 (666 / 1160 bits)
Thu 12:28: INFO    : Mapped memory report:
Thu 12:28: INFO    : 	No mapped memories in this design.
Thu 12:28: INFO    : Running manager compiler graph-pass: GenerateMXGInfo
Thu 12:28: INFO    : Running manager compiler graph-pass: GenerateSlicHostCode
Thu 12:28: INFO    : Generating SLIC interface information
Thu 12:28: INFO    : Generating SLIC code for interface 'default'
Thu 12:28: INFO    : Skipping blacklisted scalar parameter 'prf_v2_Kernel.current_run_cycle_count'
Thu 12:28: INFO    : Skipping blacklisted scalar parameter 'PRFOutputGen.current_run_cycle_count'
Thu 12:28: INFO    : Skipping blacklisted scalar parameter 'prf_v2_Input_Generator.current_run_cycle_count'
Thu 12:28: INFO    : Interface 'default' depends on parameter 'N'
Thu 12:28: INFO    : Generating XML description for Maxfile
Thu 12:28: INFO    : Generating XML description for mode 'default'
Thu 12:28: INFO    : Skipping blacklisted scalar parameter 'prf_v2_Kernel.current_run_cycle_count'
Thu 12:28: INFO    : Skipping blacklisted scalar parameter 'PRFOutputGen.current_run_cycle_count'
Thu 12:28: INFO    : Skipping blacklisted scalar parameter 'prf_v2_Input_Generator.current_run_cycle_count'
Thu 12:28: INFO    : Interface 'default' depends on parameter 'N'
Thu 12:28: INFO    : Adding SLIC sections to the maxfile
Thu 12:28: INFO    : Adding user files to the maxfile
Thu 12:28: INFO    : Generating SLIC include file
Thu 12:28: INFO    : Done generating SLIC interface information
Thu 12:29: PROGRESS: Running back-end simulation build (3 phases)
Thu 12:29: PROGRESS: (1/3) - Prepare MaxFile Data (GenerateMaxFileDataFile)
Thu 12:29: INFO    : Build pass 'GenerateMaxFileDataFile' took 172.138 ms.
Thu 12:29: PROGRESS: (2/3) - Compile Simulation Modules (SimCompilePass)
Thu 12:29: INFO    : Running command: make -j1
Thu 12:29: INFO    : Checking for file hash changes...
Thu 12:29: INFO    : Hash changed for file: 'tmp_resource_dump/prf_v2_Kernel_Templates.cpp'
Thu 12:29: INFO    : Hash changed for file: 'tmp_resource_dump/prf_v2_Kernel_exec0.cpp'
Thu 12:29: INFO    : Hash changed for file: 'tmp_resource_dump/prf_v2_Kernel.cpp'
Thu 12:29: INFO    : Hash changed for file: 'tmp_resource_dump/prf_v2_Kernel.h'
Thu 12:29: INFO    : Hash changed for file: '../../MaxCompilerDesignData.dat'
Thu 12:29: INFO    : /opt/maxeler/maxcompiler/lib/clang/bin/start.sh clang++ -c -MMD -MT objdir/stdsimheader.h.O0Impl -MF objdir/stdsimheader.h.O0Impl -std=c++11 -fPIC -B/opt/maxeler/maxcompiler/lib/gcc -fbracket-depth=1024 -D__USE_XOPEN2K8 -O3 -Wno-format  -I. -I/opt/maxeler/maxcompiler/lib/maxeleros-sim/include -I/opt/maxeler/maxcompiler/lib/lwip_sim -I/opt/maxeler/maxcompiler/lib/lwip_sim/include -I/opt/maxeler/maxcompiler/lib/lwip_sim/include/arch -I/opt/maxeler/maxcompiler/lib/lwip_sim/include/ipv4  -DHAVE_KERNELS -DMAXFILE_INC="../../MaxCompilerDesignData.dat" -g0  -DSLIC_NO_DECLARATIONS   -O0 -DOPTIMIZATION_LEVEL=0 -x c++-header \
Thu 12:29: INFO    : 		-o stdsimheader.h.gch/O0_stdsimheader.h.gch stdsimheader.h
Thu 12:29: INFO    : /opt/maxeler/maxcompiler/lib/clang/bin/start.sh clang++ -c -MMD -MT objdir/stdsimheader.h.O2 -MF objdir/stdsimheader.h.O2 -std=c++11 -fPIC -B/opt/maxeler/maxcompiler/lib/gcc -fbracket-depth=1024 -D__USE_XOPEN2K8 -O3 -Wno-format  -I. -I/opt/maxeler/maxcompiler/lib/maxeleros-sim/include -I/opt/maxeler/maxcompiler/lib/lwip_sim -I/opt/maxeler/maxcompiler/lib/lwip_sim/include -I/opt/maxeler/maxcompiler/lib/lwip_sim/include/arch -I/opt/maxeler/maxcompiler/lib/lwip_sim/include/ipv4  -DHAVE_KERNELS -DMAXFILE_INC="../../MaxCompilerDesignData.dat" -g0  -DSLIC_NO_DECLARATIONS   -fno-implicit-templates -O2 -DOPTIMIZATION_LEVEL=2 -x c++-header \
Thu 12:29: INFO    : 		-o stdsimheader.h.gch/NoTplInst_O2_stdsimheader.h.gch stdsimheader.h
Thu 12:29: INFO    : make ExampleProject.so
Thu 12:29: INFO    : make[1]: Entering directory `/home/demo/Desktop/MaxCompiler-Builds/ExampleProject_VECTIS_DFE_SIM/scratch/software-sim/build'
Thu 12:29: INFO    : /opt/maxeler/maxcompiler/lib/clang/bin/start.sh clang++ -c -MMD -MT objdir/prf_v2_Kernel_exec0.NoTplInst.O2.o -MF objdir/prf_v2_Kernel_exec0.NoTplInst.O2.d -std=c++11 -fPIC -B/opt/maxeler/maxcompiler/lib/gcc -fbracket-depth=1024 -D__USE_XOPEN2K8 -O3 -Wno-format  -I. -I/opt/maxeler/maxcompiler/lib/maxeleros-sim/include -I/opt/maxeler/maxcompiler/lib/lwip_sim -I/opt/maxeler/maxcompiler/lib/lwip_sim/include -I/opt/maxeler/maxcompiler/lib/lwip_sim/include/arch -I/opt/maxeler/maxcompiler/lib/lwip_sim/include/ipv4  -DHAVE_KERNELS -DMAXFILE_INC="../../MaxCompilerDesignData.dat" -g0  -DSLIC_NO_DECLARATIONS   -fno-implicit-templates -include-pch stdsimheader.h.gch -O2 -DOPTIMIZATION_LEVEL=2 -o objdir/prf_v2_Kernel_exec0.NoTplInst.O2.o prf_v2_Kernel_exec0.cpp
Thu 12:29: INFO    : /opt/maxeler/maxcompiler/lib/clang/bin/start.sh clang++ -c -MMD -MT objdir/prf_v2_Kernel.O0.o -MF objdir/prf_v2_Kernel.O0.d -std=c++11 -fPIC -B/opt/maxeler/maxcompiler/lib/gcc -fbracket-depth=1024 -D__USE_XOPEN2K8 -O3 -Wno-format  -I. -I/opt/maxeler/maxcompiler/lib/maxeleros-sim/include -I/opt/maxeler/maxcompiler/lib/lwip_sim -I/opt/maxeler/maxcompiler/lib/lwip_sim/include -I/opt/maxeler/maxcompiler/lib/lwip_sim/include/arch -I/opt/maxeler/maxcompiler/lib/lwip_sim/include/ipv4  -DHAVE_KERNELS -DMAXFILE_INC="../../MaxCompilerDesignData.dat" -g0  -DSLIC_NO_DECLARATIONS   -include-pch stdsimheader.h.gch -O0 -DOPTIMIZATION_LEVEL=0 -o objdir/prf_v2_Kernel.O0.o prf_v2_Kernel.cpp
Thu 12:29: INFO    : /opt/maxeler/maxcompiler/lib/clang/bin/start.sh clang++ -c -MMD -MT objdir/prf_v2_Kernel_Templates.O2.o -MF objdir/prf_v2_Kernel_Templates.O2.d -std=c++11 -fPIC -B/opt/maxeler/maxcompiler/lib/gcc -fbracket-depth=1024 -D__USE_XOPEN2K8 -O3 -Wno-format  -I. -I/opt/maxeler/maxcompiler/lib/maxeleros-sim/include -I/opt/maxeler/maxcompiler/lib/lwip_sim -I/opt/maxeler/maxcompiler/lib/lwip_sim/include -I/opt/maxeler/maxcompiler/lib/lwip_sim/include/arch -I/opt/maxeler/maxcompiler/lib/lwip_sim/include/ipv4  -DHAVE_KERNELS -DMAXFILE_INC="../../MaxCompilerDesignData.dat" -g0  -DSLIC_NO_DECLARATIONS   -include-pch stdsimheader.h.gch -O2 -DOPTIMIZATION_LEVEL=2 -o objdir/prf_v2_Kernel_Templates.O2.o prf_v2_Kernel_Templates.cpp
Thu 12:29: INFO    : /opt/maxeler/maxcompiler/lib/clang/bin/start.sh clang++ -c -MMD -MT objdir/max_msi.O0.o -MF objdir/max_msi.O0.d -std=c++11 -fPIC -B/opt/maxeler/maxcompiler/lib/gcc -fbracket-depth=1024 -D__USE_XOPEN2K8 -O3 -Wno-format  -I. -I/opt/maxeler/maxcompiler/lib/maxeleros-sim/include -I/opt/maxeler/maxcompiler/lib/lwip_sim -I/opt/maxeler/maxcompiler/lib/lwip_sim/include -I/opt/maxeler/maxcompiler/lib/lwip_sim/include/arch -I/opt/maxeler/maxcompiler/lib/lwip_sim/include/ipv4  -DHAVE_KERNELS -DMAXFILE_INC="../../MaxCompilerDesignData.dat" -g0  -DSLIC_NO_DECLARATIONS   -include-pch stdsimheader.h.gch -O0 -DOPTIMIZATION_LEVEL=0 -o objdir/max_msi.O0.o max_msi.cpp
Thu 12:29: INFO    : In file included from max_msi.cpp:15:
Thu 12:29: INFO    : ./MaxFile.h:4:9: warning: '_QUOTE' macro redefined [-Wmacro-redefined]
Thu 12:29: INFO    : #define _QUOTE(what) #what
Thu 12:29: INFO    :         ^
Thu 12:29: INFO    : /opt/maxeler/maxcompiler/lib/maxeleros-sim/include/maxrt_error.h:87:9: note: previous definition is here
Thu 12:29: INFO    : #define _QUOTE(x) #x
Thu 12:29: INFO    :         ^
Thu 12:29: INFO    : 1 warning generated.
Thu 12:29: INFO    : /opt/maxeler/maxcompiler/lib/clang/bin/start.sh clang++ -fPIC -shared -B/opt/maxeler/maxcompiler/lib/gcc -lrt -pthread -O2 -s  -o ExampleProject.so objdir/prf_v2_Input_Generator_exec0.NoTplInst.O2.o objdir/prf_v2_Input_Generator.O0.o objdir/prf_v2_Input_Generator_Templates.O2.o objdir/PRFOutputGen_exec0.NoTplInst.O2.o objdir/PRFOutputGen.O0.o objdir/PRFOutputGen_Templates.O2.o objdir/prf_v2_Kernel_exec0.NoTplInst.O2.o objdir/prf_v2_Kernel.O0.o objdir/prf_v2_Kernel_Templates.O2.o objdir/max_msi.O0.o StructToGroupDummy.o Mux.o DualAspectMux.o Demux.o Fanout.o CapRegs.o IFPGARegs.o ChecksumMem.o PCIe.o KernelManagerBlockSync.o DualAspectReg.o PullPushAdapter.o FilePullSource.o max_shared_fifo.o SharedFIFO.o Fifos.o FilePushSink.o SimTerminator.o Watch.o StreamStatus.o RunLengthExpander.o ManagerBlock.o MappedElements.o Thread.o ManagerSync.o PullSync.o PushSync.o DynamicVarUInt.o DebugStreams.o AddressGenerator.o MemoryControllerPro.o MemoryControllerRAM.o MemoryControllerCommand.o MemoryControllerStreams.o MemoryControllerConfig.o Timestamp.o /opt/maxeler/maxcompiler/lib/lwip_sim/lib/liblwip.a
Thu 12:29: INFO    : make[1]: Leaving directory `/home/demo/Desktop/MaxCompiler-Builds/ExampleProject_VECTIS_DFE_SIM/scratch/software-sim/build'
Thu 12:29: INFO    : Build pass 'SimCompilePass' took 8.63154 s.
Thu 12:29: PROGRESS: (3/3) - Generate MaxFile (AddSimObjectToMaxFilePass)
Thu 12:29: INFO    : Build pass 'AddSimObjectToMaxFilePass' took 132.605 ms.
Thu 12:29: INFO    : Final result files after build: 
Thu 12:29: INFO    : Running command: ln -sf "../scratch/ExampleProject-prf_v2_Input_Generator-original.pxg"
Thu 12:29: INFO    : ExampleProject-prf_v2_Input_Generator-original.pxg (BuildFilePXG)
Thu 12:29: INFO    : Running command: ln -sf "../scratch/prf_v2_Input_Generator_Configuration.txt"
Thu 12:29: INFO    : prf_v2_Input_Generator_Configuration.txt (BuildFile)
Thu 12:29: INFO    : Running command: ln -sf "../scratch/prf_v2_Input_Generator_NodeDiary.txt"
Thu 12:29: INFO    : prf_v2_Input_Generator_NodeDiary.txt (BuildFile)
Thu 12:29: INFO    : Running command: ln -sf "../scratch/ExampleProject-PRFOutputGen-original.pxg"
Thu 12:29: INFO    : ExampleProject-PRFOutputGen-original.pxg (BuildFilePXG)
Thu 12:29: INFO    : Running command: ln -sf "../scratch/PRFOutputGen_Configuration.txt"
Thu 12:29: INFO    : PRFOutputGen_Configuration.txt (BuildFile)
Thu 12:29: INFO    : Running command: ln -sf "../scratch/PRFOutputGen_NodeDiary.txt"
Thu 12:29: INFO    : PRFOutputGen_NodeDiary.txt (BuildFile)
Thu 12:29: INFO    : Running command: ln -sf "../scratch/ExampleProject-prf_v2_Kernel-original.pxg"
Thu 12:29: INFO    : ExampleProject-prf_v2_Kernel-original.pxg (BuildFilePXG)
Thu 12:29: INFO    : Running command: ln -sf "../scratch/prf_v2_Kernel_Configuration.txt"
Thu 12:29: INFO    : prf_v2_Kernel_Configuration.txt (BuildFile)
Thu 12:29: INFO    : Running command: ln -sf "../scratch/prf_v2_Kernel_NodeDiary.txt"
Thu 12:29: INFO    : prf_v2_Kernel_NodeDiary.txt (BuildFile)
Thu 12:29: INFO    : Running command: ln -sf "../scratch/ExampleProject-prf_v2_Input_Generator-final-simulation.pxg"
Thu 12:29: INFO    : ExampleProject-prf_v2_Input_Generator-final-simulation.pxg (BuildFilePXG)
Thu 12:29: INFO    : Running command: ln -sf "../scratch/ExampleProject-PRFOutputGen-final-simulation.pxg"
Thu 12:29: INFO    : ExampleProject-PRFOutputGen-final-simulation.pxg (BuildFilePXG)
Thu 12:29: INFO    : Running command: ln -sf "../scratch/ExampleProject-prf_v2_Kernel-final-simulation.pxg"
Thu 12:29: INFO    : ExampleProject-prf_v2_Kernel-final-simulation.pxg (BuildFilePXG)
Thu 12:29: INFO    : Running command: ln -sf "../scratch/ExampleProject.xml"
Thu 12:29: INFO    : ExampleProject.xml (BuildFile)
Thu 12:29: INFO    : Running command: ln -sf "../scratch/ExampleProject.h"
Thu 12:29: INFO    : ExampleProject.h (BuildFileSlicH)
Thu 12:29: INFO    : Running command: ln -sf "../scratch/ExampleProject.max"
Thu 12:29: INFO    : ExampleProject.max (BuildFileMaxFile)
Thu 12:29: INFO    : Result files will be copied to '/home/demo/workspace_prf/prfv3/APP/RunRules/Simulation/maxfiles'
Thu 12:29: INFO    : Result 'ExampleProject-prf_v2_Input_Generator-original.pxg' is identical to '/home/demo/workspace_prf/prfv3/APP/RunRules/Simulation/maxfiles/ExampleProject-prf_v2_Input_Generator-original.pxg': not overwriting.
Thu 12:29: INFO    : Result 'ExampleProject-PRFOutputGen-original.pxg' is identical to '/home/demo/workspace_prf/prfv3/APP/RunRules/Simulation/maxfiles/ExampleProject-PRFOutputGen-original.pxg': not overwriting.
Thu 12:29: INFO    : Result 'ExampleProject-prf_v2_Kernel-original.pxg' is identical to '/home/demo/workspace_prf/prfv3/APP/RunRules/Simulation/maxfiles/ExampleProject-prf_v2_Kernel-original.pxg': not overwriting.
Thu 12:29: INFO    : Result 'ExampleProject-prf_v2_Input_Generator-final-simulation.pxg' is identical to '/home/demo/workspace_prf/prfv3/APP/RunRules/Simulation/maxfiles/ExampleProject-prf_v2_Input_Generator-final-simulation.pxg': not overwriting.
Thu 12:29: INFO    : Result 'ExampleProject-PRFOutputGen-final-simulation.pxg' is identical to '/home/demo/workspace_prf/prfv3/APP/RunRules/Simulation/maxfiles/ExampleProject-PRFOutputGen-final-simulation.pxg': not overwriting.
Thu 12:29: INFO    : Result 'ExampleProject-prf_v2_Kernel-final-simulation.pxg' is identical to '/home/demo/workspace_prf/prfv3/APP/RunRules/Simulation/maxfiles/ExampleProject-prf_v2_Kernel-final-simulation.pxg': not overwriting.
Thu 12:29: INFO    : Result 'ExampleProject.h' is identical to '/home/demo/workspace_prf/prfv3/APP/RunRules/Simulation/maxfiles/ExampleProject.h': not overwriting.
Thu 12:29: INFO    : Result 'ExampleProject.max' is identical to '/home/demo/workspace_prf/prfv3/APP/RunRules/Simulation/maxfiles/ExampleProject.max': not overwriting.
Thu 12:29: PROGRESS: MaxFile: /home/demo/Desktop/MaxCompiler-Builds/ExampleProject_VECTIS_DFE_SIM/results/ExampleProject.max (MD5Sum: b41bd8a39663a527c710956554524a30)
Thu 12:29: INFO    : Waiting for any outstanding jobs to finish... 
Thu 12:29: PROGRESS: Build completed: Thu Mar 16 12:29:09 PDT 2017 (took 16 secs)
